[2025-03-09 15:01:56] Se ha creado un nuevo usuario en el sistema del banco
[2025-03-09 23:02:53] El id introducido no es válido debido a que es menor a 100
[2025-03-09 23:06:12] El id introducido no es válido debido a que es menor a 100
[2025-03-09 23:07:35] El id introducido no es válido debido a que es menor a 100
[2025-03-09 23:08:16] Error al abrir el archivo de cuentas
[2025-03-09 23:08:20] Error al abrir el archivo de configuración
[2025-03-09 23:09:08] Error al abrir el archivo de cuentas
[2025-03-09 23:09:58] Error al abrir el archivo de cuentas
[2025-03-09 23:11:46] Error al abrir el archivo de cuentas
[2025-03-09 23:12:24] Se ha creado un nuevo usuario en el sistema del banco
[2025-03-09 23:12:27] Error al abrir el archivo de configuración
[2025-03-09 23:46:19] Se ha leído correctamente el contenido del archivo banco.config
[2025-03-09 23:47:19] Se ha leído correctamente el contenido del archivo banco.config
[2025-03-09 23:47:39] Error al abrir el archivo de cuentas
[2025-03-09 23:50:32] Se ha leído correctamente el contenido del archivo banco.config
[2025-03-09 23:50:57] Se ha leído correctamente el contenido del archivo banco.config
[2025-03-09 23:51:58] Se ha leído correctamente el contenido del archivo banco.config
[2025-03-09 23:52:41] El id introducido no es válido debido a que es menor a 100
[2025-03-09 23:55:24] Se ha leído correctamente el contenido del archivo banco.config
[2025-03-09 23:55:38] Error al abrir el archivo de cuentas
[2025-03-09 23:56:16] Error al abrir el archivo de cuentas
[2025-03-09 23:59:06] Se ha leído correctamente el contenido del archivo banco.config
[2025-03-09 23:59:20] Error al abrir el archivo de cuentas
[2025-03-10 00:02:59] Se ha leído correctamente el contenido del archivo banco.config
[2025-03-10 00:03:41] Se ha leído correctamente el contenido del archivo banco.config
[2025-03-10 00:03:53] Error al abrir el archivo de cuentas
[2025-03-10 00:05:10] Se ha leído correctamente el contenido del archivo banco.config
[2025-03-10 00:06:43] El id introducido no es válido debido a que es menor a 100
[2025-03-10 00:19:29] Se ha leído correctamente el contenido del archivo banco.config
[2025-03-10 00:20:47] Se ha leído correctamente el contenido del archivo banco.config
[2025-03-10 00:21:10] Error al abrir el archivo de cuentas
[2025-03-10 10:08:46] Se ha leído correctamente el contenido del archivo banco.config
[2025-03-10 10:09:19] Error al abrir el archivo de cuentas
[2025-03-10 10:11:37] Se ha leído correctamente el contenido del archivo banco.config
[2025-03-10 10:12:24] El id introducido no es válido debido a que es menor a 100
[2025-03-10 10:12:51] Se ha leído correctamente el contenido del archivo banco.config
[2025-03-10 10:13:15] Se ha creado un nuevo usuario en el sistema del banco
[2025-03-10 10:35:31] Se ha creado un nuevo usuario en el sistema del banco
[2025-03-10 11:14:54] Se ha leído correctamente el contenido del archivo banco.config
[2025-03-10 11:15:05] Se ha creado un nuevo usuario en el sistema del banco
[2025-03-10 11:15:59] Se ha leído correctamente el contenido del archivo banco.config
[2025-03-10 11:16:07] Se ha creado un nuevo usuario en el sistema del banco
[2025-03-10 11:17:48] Se ha leído correctamente el contenido del archivo banco.config
[2025-03-10 11:17:57] Se ha creado un nuevo usuario en el sistema del banco
[2025-03-10 11:18:26] Se ha leído correctamente el contenido del archivo banco.config
[2025-03-10 11:18:42] Se ha creado un nuevo usuario en el sistema del banco
[2025-03-14 11:23:44] Se ha leído correctamente el contenido del archivo banco.config
[2025-03-15 13:15:52] Ejecutando gcc para compilación...
[2025-03-15 13:18:08] Ejecutando gcc para compilación...
[2025-03-15 13:18:40] Error en la compilación.
[2025-03-15 13:18:43] Ejecutando gcc para compilación...
[2025-03-15 13:19:52] Ejecutando gcc para compilación...
[2025-03-15 13:19:56] Compilación exitosa. Ejecutando banco...
[2025-03-15 13:19:57] Se ha leído correctamente el contenido del archivo banco.config
[2025-03-15 13:35:27] Ejecutando gcc para compilación...
[2025-03-15 13:35:27] Ejecutando gcc para compilación...
[2025-03-15 13:35:27] Ejecutando gcc para compilación...
[2025-03-15 13:35:27] Compilación exitosa. Ejecutando banco...
[2025-03-15 13:35:27] Se ha leído correctamente el contenido del archivo banco.config
[2025-03-15 13:39:37] Ejecutando gcc para compilación...
[2025-03-15 13:39:37] Ejecutando gcc para compilación...
[2025-03-15 13:39:37] Ejecutando gcc para compilación...
[2025-03-15 13:39:37] Compilación exitosa. Ejecutando banco...
[2025-03-15 13:39:37] Se ha leído correctamente el contenido del archivo banco.config
[2025-03-15 13:42:41] Se ha leído correctamente el contenido del archivo banco.config
[2025-03-15 13:44:35] Ejecutando gcc para compilación...
[2025-03-15 13:44:35] Ejecutando gcc para compilación...
[2025-03-15 13:44:35] Ejecutando gcc para compilación...
[2025-03-15 13:44:35] Compilación exitosa. Ejecutando banco...
[2025-03-15 13:44:35] Se ha leído correctamente el contenido del archivo banco.config
[2025-03-15 13:49:29] Ejecutando gcc para compilación...
[2025-03-15 13:49:29] Compilación exitosa. Ejecutando banco...
[2025-03-15 13:49:29] Ejecutando gcc para compilación...
[2025-03-15 13:49:29] Ejecutando gcc para compilación...
[2025-03-15 13:49:29] Se ha leído correctamente el contenido del archivo banco.config
[2025-03-15 14:12:45] Se ha leído correctamente el contenido del archivo banco.config
[2025-03-15 14:17:37] Ejecutando gcc para compilación...
[2025-03-15 14:17:37] Ejecutando gcc para compilación...
[2025-03-15 14:17:37] Compilación exitosa. Ejecutando banco...
[2025-03-15 14:17:37] Ejecutando gcc para compilación...
[2025-03-15 14:17:37] Se ha leído correctamente el contenido del archivo banco.config
[2025-03-15 14:18:15] Compilación exitosa. Ejecutando banco...
[2025-03-15 14:18:15] Ejecutando gcc para compilación...
[2025-03-15 14:18:15] Ejecutando gcc para compilación...
[2025-03-15 14:18:15] Ejecutando gcc para compilación...
[2025-03-15 14:18:15] Se ha leído correctamente el contenido del archivo banco.config
[2025-03-15 14:19:07] Ejecutando gcc para compilación...
[2025-03-15 14:19:07] Ejecutando gcc para compilación...
[2025-03-15 14:19:07] Compilación exitosa. Ejecutando banco...
[2025-03-15 14:19:07] Se ha leído correctamente el contenido del archivo banco.config
[2025-03-15 14:19:07] Ejecutando gcc para compilación...
[2025-03-15 14:19:53] Ejecutando gcc para compilación...
[2025-03-15 14:19:53] Compilación exitosa. Ejecutando banco...
[2025-03-15 14:19:53] Ejecutando gcc para compilación...
[2025-03-15 14:19:53] Ejecutando gcc para compilación...
[2025-03-15 14:19:53] Se ha leído correctamente el contenido del archivo banco.config
[2025-03-15 14:20:32] Se ha leído correctamente el contenido del archivo banco.config
[2025-03-15 14:25:18] Compilación exitosa. Ejecutando banco...
[2025-03-15 14:25:18] Ejecutando gcc para compilación...
[2025-03-15 14:25:18] Ejecutando gcc para compilación...
[2025-03-15 14:25:18] Ejecutando gcc para compilación...
[2025-03-15 14:25:18] Se ha leído correctamente el contenido del archivo banco.config
[2025-03-15 14:27:37] Ejecutando gcc para compilación...
[2025-03-15 14:27:37] Ejecutando gcc para compilación...
[2025-03-15 14:27:37] Compilación exitosa. Ejecutando banco...
[2025-03-15 14:27:37] Se ha leído correctamente el contenido del archivo banco.config
[2025-03-15 14:27:37] Ejecutando gcc para compilación...
[2025-03-15 14:27:55] Se ha creado un nuevo usuario en el sistema del banco
[2025-03-15 14:28:18] Compilación exitosa. Ejecutando banco...
[2025-03-15 14:28:18] Ejecutando gcc para compilación...
[2025-03-15 14:28:18] Ejecutando gcc para compilación...
[2025-03-15 14:28:18] Ejecutando gcc para compilación...
[2025-03-15 14:28:18] Se ha leído correctamente el contenido del archivo banco.config
[2025-03-15 15:51:58] Se ha leído correctamente el contenido del archivo banco.config
[2025-03-15 15:55:59] Se ha leído correctamente el contenido del archivo banco.config
[2025-03-15 16:01:18] Ejecutando gcc para compilación...
[2025-03-15 16:01:18] Ejecutando gcc para compilación...
[2025-03-15 16:01:18] Compilación exitosa. Ejecutando banco...
[2025-03-15 16:01:18] Ejecutando gcc para compilación...
[2025-03-15 16:01:18] Se ha leído correctamente el contenido del archivo banco.config
[2025-03-16 13:17:57] Compilación exitosa. Ejecutando banco...
[2025-03-16 13:17:57] Ejecutando gcc para compilación...
[2025-03-16 13:17:57] Ejecutando gcc para compilación...
[2025-03-16 13:17:57] Ejecutando gcc para compilación...
[2025-03-16 13:17:57] Se ha leído correctamente el contenido del archivo banco.config
[2025-03-16 13:19:33] Compilación exitosa. Ejecutando banco...
[2025-03-16 13:19:33] Ejecutando gcc para compilación...
[2025-03-16 13:19:33] Se ha leído correctamente el contenido del archivo banco.config
[2025-03-16 13:19:33] Ejecutando gcc para compilación...
[2025-03-16 13:19:33] Ejecutando gcc para compilación...
[2025-03-16 13:19:54] El id introducido no es válido debido a que es menor a 100
[2025-03-16 13:22:06] Compilación exitosa. Ejecutando banco...
[2025-03-16 13:22:06] Ejecutando gcc para compilación...
[2025-03-16 13:22:06] Ejecutando gcc para compilación...
[2025-03-16 13:22:06] Ejecutando gcc para compilación...
[2025-03-16 13:22:06] Se ha leído correctamente el contenido del archivo banco.config
[2025-03-16 13:40:43] Compilación exitosa. Ejecutando banco...
[2025-03-16 13:40:43] Ejecutando gcc para compilación...
[2025-03-16 13:40:43] Ejecutando gcc para compilación...
[2025-03-16 13:40:43] Ejecutando gcc para compilación...
[2025-03-16 13:40:43] Se ha leído correctamente el contenido del archivo banco.config
[2025-03-16 13:41:02] Error al ejecutar ./usuario
[2025-03-16 13:42:12] Error al hacer el inicio de sesión. Se necesita pasar el identificador a usuario
[2025-03-16 13:43:44] Error al hacer el inicio de sesión. Se necesita pasar el identificador a usuario
[2025-03-16 13:45:29] Error al hacer el inicio de sesión. Se necesita pasar el identificador a usuario
[2025-03-16 13:45:47] Compilación exitosa. Ejecutando banco...
[2025-03-16 13:45:47] Ejecutando gcc para compilación...
[2025-03-16 13:45:47] Ejecutando gcc para compilación...
[2025-03-16 13:45:47] Ejecutando gcc para compilación...
[2025-03-16 13:45:47] Se ha leído correctamente el contenido del archivo banco.config
[2025-03-16 13:45:51] El id ya existe
[2025-03-16 13:47:46] Compilación exitosa. Ejecutando banco...
[2025-03-16 13:47:46] Ejecutando gcc para compilación...
[2025-03-16 13:47:46] Se ha leído correctamente el contenido del archivo banco.config
[2025-03-16 13:47:46] Ejecutando gcc para compilación...
[2025-03-16 13:47:46] Ejecutando gcc para compilación...
[2025-03-16 13:48:09] El id ya existe
[2025-03-16 13:58:00] Compilación exitosa. Ejecutando banco...
[2025-03-16 13:58:00] Ejecutando gcc para compilación...
[2025-03-16 13:58:00] Ejecutando gcc para compilación...
[2025-03-16 13:58:00] Ejecutando gcc para compilación...
[2025-03-16 13:58:00] Se ha leído correctamente el contenido del archivo banco.config
[2025-03-16 13:58:04] El id ya existe
[2025-03-16 13:59:38] Ejecutando gcc para compilación...
[2025-03-16 13:59:38] Ejecutando gcc para compilación...
[2025-03-16 13:59:38] Ejecutando gcc para compilación...
[2025-03-16 13:59:38] Compilación exitosa. Ejecutando banco...
[2025-03-16 13:59:38] Se ha leído correctamente el contenido del archivo banco.config
[2025-03-16 13:59:45] Error al ejecutar ./usuario
[2025-03-16 13:59:56] Error al ejecutar ./usuario
[2025-03-16 14:00:09] El id introducido no es válido debido a que es menor a 100
[2025-03-16 14:03:58] Compilación exitosa. Ejecutando banco...
[2025-03-16 14:03:58] Ejecutando gcc para compilación...
[2025-03-16 14:03:58] Ejecutando gcc para compilación...
[2025-03-16 14:03:58] Ejecutando gcc para compilación...
[2025-03-16 14:03:58] Se ha leído correctamente el contenido del archivo banco.config
[2025-03-16 14:04:01] Error al ejecutar ./usuario
[2025-03-16 14:08:48] Compilación exitosa. Ejecutando banco...
[2025-03-16 14:08:48] Se ha leído correctamente el contenido del archivo banco.config
[2025-03-16 14:08:48] Ejecutando gcc para compilación...
[2025-03-16 14:08:48] Ejecutando gcc para compilación...
[2025-03-16 14:08:48] Ejecutando gcc para compilación...
[2025-03-16 14:09:22] Error al ejecutar ./usuario
[2025-03-20 10:26:35] Ejecutando gcc para compilación...
[2025-03-20 10:26:35] Ejecutando gcc para compilación...
[2025-03-20 10:26:35] Compilación exitosa. Ejecutando banco...
[2025-03-20 10:26:35] Ejecutando gcc para compilación...
[2025-03-20 10:26:35] Se ha leído correctamente el contenido del archivo banco.config
[2025-03-20 10:26:38] Error al ejecutar ./usuario
[2025-03-20 10:30:10] Ejecutando gcc para compilación...
[2025-03-20 10:30:10] Compilación exitosa. Ejecutando banco...
[2025-03-20 10:30:10] Ejecutando gcc para compilación...
[2025-03-20 10:30:10] Ejecutando gcc para compilación...
[2025-03-20 10:30:10] Se ha leído correctamente el contenido del archivo banco.config
[2025-03-20 10:30:43] Error al ejecutar ./usuario
[2025-03-20 10:33:07] Ejecutando gcc para compilación...
[2025-03-20 10:33:07] Compilación exitosa. Ejecutando banco...
[2025-03-20 10:33:07] Ejecutando gcc para compilación...
[2025-03-20 10:33:07] Ejecutando gcc para compilación...
[2025-03-20 10:33:07] Se ha leído correctamente el contenido del archivo banco.config
[2025-03-20 10:34:24] Error al ejecutar la nueva terminal para ./usuario
[2025-03-20 11:04:53] Compilación exitosa. Ejecutando banco...
[2025-03-20 11:04:53] Ejecutando gcc para compilación...
[2025-03-20 11:04:53] Ejecutando gcc para compilación...
[2025-03-20 11:04:53] Ejecutando gcc para compilación...
[2025-03-20 11:04:53] Se ha leído correctamente el contenido del archivo banco.config
[2025-03-20 11:04:56] Error al ejecutar la nueva terminal para ./usuario
[2025-03-20 11:05:14] Ejecutando gcc para compilación...
[2025-03-20 11:05:14] Compilación exitosa. Ejecutando banco...
[2025-03-20 11:05:14] Se ha leído correctamente el contenido del archivo banco.config
[2025-03-20 11:05:14] Ejecutando gcc para compilación...
[2025-03-20 11:05:14] Ejecutando gcc para compilación...
[2025-03-20 11:05:29] Compilación exitosa. Ejecutando banco...
[2025-03-20 11:05:29] Ejecutando gcc para compilación...
[2025-03-20 11:05:29] Se ha leído correctamente el contenido del archivo banco.config
[2025-03-20 11:05:29] Ejecutando gcc para compilación...
[2025-03-20 11:05:29] Ejecutando gcc para compilación...
[2025-03-20 11:05:55] Compilación exitosa. Ejecutando banco...
[2025-03-20 11:05:55] Ejecutando gcc para compilación...
[2025-03-20 11:05:55] Ejecutando gcc para compilación...
[2025-03-20 11:05:55] Ejecutando gcc para compilación...
[2025-03-20 11:05:55] Se ha leído correctamente el contenido del archivo banco.config
[2025-03-20 11:15:51] Compilación exitosa. Ejecutando banco...
[2025-03-20 11:15:51] Ejecutando gcc para compilación...
[2025-03-20 11:15:51] Ejecutando gcc para compilación...
[2025-03-20 11:15:51] Ejecutando gcc para compilación...
[2025-03-20 11:15:51] Se ha leído correctamente el contenido del archivo banco.config
[2025-03-20 11:15:55] El id ya existe
[2025-03-20 11:16:09] Ejecutando gcc para compilación...
[2025-03-20 11:16:09] Compilación exitosa. Ejecutando banco...
[2025-03-20 11:16:09] Ejecutando gcc para compilación...
[2025-03-20 11:16:09] Ejecutando gcc para compilación...
[2025-03-20 11:16:09] Se ha leído correctamente el contenido del archivo banco.config
[2025-03-20 11:16:14] El id ya existe
[2025-03-20 11:16:26] El id ya existe
[2025-03-20 11:16:36] El id ya existe
[2025-03-20 11:16:58] El id ya existe
[2025-03-20 11:17:18] El id ya existe
[2025-03-20 11:33:49] Compilación exitosa. Ejecutando banco...
[2025-03-20 11:33:49] Ejecutando gcc para compilación...
[2025-03-20 11:33:49] Ejecutando gcc para compilación...
[2025-03-20 11:33:49] Se ha leído correctamente el contenido del archivo banco.config
[2025-03-20 11:33:49] Ejecutando gcc para compilación...
[2025-03-20 11:33:53] El id ya existe
[2025-03-20 11:51:05] Ejecutando gcc para compilación...
[2025-03-20 11:51:05] Compilación exitosa. Ejecutando banco...
[2025-03-20 11:51:05] Ejecutando gcc para compilación...
[2025-03-20 11:51:05] Se ha leído correctamente el contenido del archivo banco.config
[2025-03-20 11:51:05] Ejecutando gcc para compilación...
[2025-03-20 11:51:27] Ejecutando gcc para compilación...
[2025-03-20 11:51:27] Compilación exitosa. Ejecutando banco...
[2025-03-20 11:51:27] Ejecutando gcc para compilación...
[2025-03-20 11:51:27] Ejecutando gcc para compilación...
[2025-03-20 11:51:27] Se ha leído correctamente el contenido del archivo banco.config
[2025-03-20 11:51:32] El id ya existe
