[2025-03-23 23:10:19] Saldo consultado exitosamente
[2025-03-23 23:10:48] Saldo consultado exitosamente
[2025-03-23 23:11:27] Saldo consultado exitosamente
[2025-03-23 23:11:30] ✅ Cantidad retiro introducido correctamente.
[2025-03-23 23:11:30] Operacion ingreso done
[2025-03-23 23:11:30] Cuentas actualizadas correctamente
[2025-03-23 23:11:33] Saldo consultado exitosamente
[2025-03-23 23:11:35] Saldo consultado exitosamente
[2025-03-23 23:23:03] Saldo consultado exitosamente
[2025-03-23 23:23:46] Saldo consultado exitosamente
[2025-03-23 23:23:51] ✅ Cantidad transferencia introducida correctamente.
[2025-03-23 23:23:51] Operacion retiro done
[2025-03-23 23:23:51] Cuentas actualizadas correctamente
[2025-03-23 23:23:51] Operacion ingreso done
[2025-03-23 23:23:51] Cuentas actualizadas correctamente
[2025-03-23 23:23:55] Saldo consultado exitosamente
[2025-03-25 19:31:46] Saldo consultado exitosamente
[2025-03-25 19:31:52] ✅ Cantidad transferencia introducida correctamente.
[2025-03-25 19:31:52] Operacion retiro done
[2025-03-25 19:31:52] Cuentas actualizadas correctamente
[2025-03-25 19:31:52] Operacion ingreso done
[2025-03-25 19:31:52] Cuentas actualizadas correctamente
[2025-03-25 20:51:49] Saldo consultado exitosamente
[2025-03-25 20:51:55] ✅ Cantidad transferencia introducida correctamente.
[2025-03-25 20:51:55] Operacion retiro done
[2025-03-25 20:51:55] Cuentas actualizadas correctamente
[2025-03-25 20:51:55] Operacion ingreso done
[2025-03-25 20:51:55] Cuentas actualizadas correctamente
[2025-03-25 20:51:58] Saldo consultado exitosamente
[2025-03-25 21:14:34] Saldo consultado exitosamente
[2025-03-25 21:14:36] ✅ Cantidad retiro introducido correctamente.
[2025-03-25 21:14:36] Operacion ingreso done
[2025-03-25 21:14:36] Cuentas actualizadas correctamente
[2025-03-25 21:15:13] Saldo consultado exitosamente
[2025-03-25 21:15:16] ✅ Cantidad retiro introducido correctamente.
[2025-03-25 21:15:16] Operacion ingreso done
[2025-03-25 21:15:16] Cuentas actualizadas correctamente
[2025-03-25 21:15:18] Saldo consultado exitosamente
[2025-03-25 21:15:31] ✅ Cantidad transferencia introducida correctamente.
[2025-03-25 21:15:31] Operacion retiro done
[2025-03-25 21:15:31] Cuentas actualizadas correctamente
[2025-03-25 21:15:31] Operacion ingreso done
[2025-03-25 21:15:31] Cuentas actualizadas correctamente
[2025-03-25 21:15:33] Saldo consultado exitosamente
[2025-03-25 21:16:06] Saldo consultado exitosamente
[2025-03-25 21:18:46] Saldo consultado exitosamente
[2025-03-25 21:19:31] Saldo consultado exitosamente
[2025-03-25 21:22:14] Saldo consultado exitosamente
[2025-03-25 21:24:13] Saldo consultado exitosamente
[2025-03-25 21:24:17] Saldo consultado exitosamente
