[2025-03-09 15:01:56] Se ha creado un nuevo usuario en el sistema del banco
[2025-03-09 23:02:53] El id introducido no es válido debido a que es menor a 100
[2025-03-09 23:06:12] El id introducido no es válido debido a que es menor a 100
[2025-03-09 23:07:35] El id introducido no es válido debido a que es menor a 100
[2025-03-09 23:08:16] Error al abrir el archivo de cuentas
[2025-03-09 23:08:20] Error al abrir el archivo de configuración
[2025-03-09 23:09:08] Error al abrir el archivo de cuentas
[2025-03-09 23:09:58] Error al abrir el archivo de cuentas
[2025-03-09 23:11:46] Error al abrir el archivo de cuentas
[2025-03-09 23:12:24] Se ha creado un nuevo usuario en el sistema del banco
[2025-03-09 23:12:27] Error al abrir el archivo de configuración
[2025-03-09 23:46:19] Se ha leído correctamente el contenido del archivo banco.config
[2025-03-09 23:47:19] Se ha leído correctamente el contenido del archivo banco.config
[2025-03-09 23:47:39] Error al abrir el archivo de cuentas
[2025-03-09 23:50:32] Se ha leído correctamente el contenido del archivo banco.config
[2025-03-09 23:50:57] Se ha leído correctamente el contenido del archivo banco.config
[2025-03-09 23:51:58] Se ha leído correctamente el contenido del archivo banco.config
[2025-03-09 23:52:41] El id introducido no es válido debido a que es menor a 100
[2025-03-09 23:55:24] Se ha leído correctamente el contenido del archivo banco.config
[2025-03-09 23:55:38] Error al abrir el archivo de cuentas
[2025-03-09 23:56:16] Error al abrir el archivo de cuentas
[2025-03-09 23:59:06] Se ha leído correctamente el contenido del archivo banco.config
[2025-03-09 23:59:20] Error al abrir el archivo de cuentas
[2025-03-10 00:02:59] Se ha leído correctamente el contenido del archivo banco.config
[2025-03-10 00:03:41] Se ha leído correctamente el contenido del archivo banco.config
[2025-03-10 00:03:53] Error al abrir el archivo de cuentas
[2025-03-10 00:05:10] Se ha leído correctamente el contenido del archivo banco.config
[2025-03-10 00:06:43] El id introducido no es válido debido a que es menor a 100
[2025-03-10 00:19:29] Se ha leído correctamente el contenido del archivo banco.config
[2025-03-10 00:20:47] Se ha leído correctamente el contenido del archivo banco.config
[2025-03-10 00:21:10] Error al abrir el archivo de cuentas
[2025-03-10 10:08:46] Se ha leído correctamente el contenido del archivo banco.config
[2025-03-10 10:09:19] Error al abrir el archivo de cuentas
[2025-03-10 10:11:37] Se ha leído correctamente el contenido del archivo banco.config
[2025-03-10 10:12:24] El id introducido no es válido debido a que es menor a 100
[2025-03-10 10:12:51] Se ha leído correctamente el contenido del archivo banco.config
[2025-03-10 10:13:15] Se ha creado un nuevo usuario en el sistema del banco
[2025-03-10 10:35:31] Se ha creado un nuevo usuario en el sistema del banco
[2025-03-10 11:14:54] Se ha leído correctamente el contenido del archivo banco.config
[2025-03-10 11:15:05] Se ha creado un nuevo usuario en el sistema del banco
[2025-03-10 11:15:59] Se ha leído correctamente el contenido del archivo banco.config
[2025-03-10 11:16:07] Se ha creado un nuevo usuario en el sistema del banco
[2025-03-10 11:17:48] Se ha leído correctamente el contenido del archivo banco.config
[2025-03-10 11:17:57] Se ha creado un nuevo usuario en el sistema del banco
[2025-03-10 11:18:26] Se ha leído correctamente el contenido del archivo banco.config
[2025-03-10 11:18:42] Se ha creado un nuevo usuario en el sistema del banco
[2025-03-14 11:23:44] Se ha leído correctamente el contenido del archivo banco.config
[2025-03-15 13:15:52] Ejecutando gcc para compilación...
[2025-03-15 13:18:08] Ejecutando gcc para compilación...
[2025-03-15 13:18:40] Error en la compilación.
[2025-03-15 13:18:43] Ejecutando gcc para compilación...
[2025-03-15 13:19:52] Ejecutando gcc para compilación...
[2025-03-15 13:19:56] Compilación exitosa. Ejecutando banco...
[2025-03-15 13:19:57] Se ha leído correctamente el contenido del archivo banco.config
[2025-03-15 13:35:27] Ejecutando gcc para compilación...
[2025-03-15 13:35:27] Ejecutando gcc para compilación...
[2025-03-15 13:35:27] Ejecutando gcc para compilación...
[2025-03-15 13:35:27] Compilación exitosa. Ejecutando banco...
[2025-03-15 13:35:27] Se ha leído correctamente el contenido del archivo banco.config
[2025-03-15 13:39:37] Ejecutando gcc para compilación...
[2025-03-15 13:39:37] Ejecutando gcc para compilación...
[2025-03-15 13:39:37] Ejecutando gcc para compilación...
[2025-03-15 13:39:37] Compilación exitosa. Ejecutando banco...
[2025-03-15 13:39:37] Se ha leído correctamente el contenido del archivo banco.config
[2025-03-15 13:42:41] Se ha leído correctamente el contenido del archivo banco.config
[2025-03-15 13:44:35] Ejecutando gcc para compilación...
[2025-03-15 13:44:35] Ejecutando gcc para compilación...
[2025-03-15 13:44:35] Ejecutando gcc para compilación...
[2025-03-15 13:44:35] Compilación exitosa. Ejecutando banco...
[2025-03-15 13:44:35] Se ha leído correctamente el contenido del archivo banco.config
[2025-03-15 13:49:29] Ejecutando gcc para compilación...
[2025-03-15 13:49:29] Compilación exitosa. Ejecutando banco...
[2025-03-15 13:49:29] Ejecutando gcc para compilación...
[2025-03-15 13:49:29] Ejecutando gcc para compilación...
[2025-03-15 13:49:29] Se ha leído correctamente el contenido del archivo banco.config
[2025-03-15 14:12:45] Se ha leído correctamente el contenido del archivo banco.config
[2025-03-15 14:17:37] Ejecutando gcc para compilación...
[2025-03-15 14:17:37] Ejecutando gcc para compilación...
[2025-03-15 14:17:37] Compilación exitosa. Ejecutando banco...
[2025-03-15 14:17:37] Ejecutando gcc para compilación...
[2025-03-15 14:17:37] Se ha leído correctamente el contenido del archivo banco.config
[2025-03-15 14:18:15] Compilación exitosa. Ejecutando banco...
[2025-03-15 14:18:15] Ejecutando gcc para compilación...
[2025-03-15 14:18:15] Ejecutando gcc para compilación...
[2025-03-15 14:18:15] Ejecutando gcc para compilación...
[2025-03-15 14:18:15] Se ha leído correctamente el contenido del archivo banco.config
[2025-03-15 14:19:07] Ejecutando gcc para compilación...
[2025-03-15 14:19:07] Ejecutando gcc para compilación...
[2025-03-15 14:19:07] Compilación exitosa. Ejecutando banco...
[2025-03-15 14:19:07] Se ha leído correctamente el contenido del archivo banco.config
[2025-03-15 14:19:07] Ejecutando gcc para compilación...
[2025-03-15 14:19:53] Ejecutando gcc para compilación...
[2025-03-15 14:19:53] Compilación exitosa. Ejecutando banco...
[2025-03-15 14:19:53] Ejecutando gcc para compilación...
[2025-03-15 14:19:53] Ejecutando gcc para compilación...
[2025-03-15 14:19:53] Se ha leído correctamente el contenido del archivo banco.config
[2025-03-15 14:20:32] Se ha leído correctamente el contenido del archivo banco.config
[2025-03-15 14:25:18] Compilación exitosa. Ejecutando banco...
[2025-03-15 14:25:18] Ejecutando gcc para compilación...
[2025-03-15 14:25:18] Ejecutando gcc para compilación...
[2025-03-15 14:25:18] Ejecutando gcc para compilación...
[2025-03-15 14:25:18] Se ha leído correctamente el contenido del archivo banco.config
[2025-03-15 14:27:37] Ejecutando gcc para compilación...
[2025-03-15 14:27:37] Ejecutando gcc para compilación...
[2025-03-15 14:27:37] Compilación exitosa. Ejecutando banco...
[2025-03-15 14:27:37] Se ha leído correctamente el contenido del archivo banco.config
[2025-03-15 14:27:37] Ejecutando gcc para compilación...
[2025-03-15 14:27:55] Se ha creado un nuevo usuario en el sistema del banco
[2025-03-15 14:28:18] Compilación exitosa. Ejecutando banco...
[2025-03-15 14:28:18] Ejecutando gcc para compilación...
[2025-03-15 14:28:18] Ejecutando gcc para compilación...
[2025-03-15 14:28:18] Ejecutando gcc para compilación...
[2025-03-15 14:28:18] Se ha leído correctamente el contenido del archivo banco.config
[2025-03-15 15:51:58] Se ha leído correctamente el contenido del archivo banco.config
[2025-03-15 15:55:59] Se ha leído correctamente el contenido del archivo banco.config
[2025-03-15 16:01:18] Ejecutando gcc para compilación...
[2025-03-15 16:01:18] Ejecutando gcc para compilación...
[2025-03-15 16:01:18] Compilación exitosa. Ejecutando banco...
[2025-03-15 16:01:18] Ejecutando gcc para compilación...
[2025-03-15 16:01:18] Se ha leído correctamente el contenido del archivo banco.config
[2025-03-16 13:17:57] Compilación exitosa. Ejecutando banco...
[2025-03-16 13:17:57] Ejecutando gcc para compilación...
[2025-03-16 13:17:57] Ejecutando gcc para compilación...
[2025-03-16 13:17:57] Ejecutando gcc para compilación...
[2025-03-16 13:17:57] Se ha leído correctamente el contenido del archivo banco.config
[2025-03-16 13:19:33] Compilación exitosa. Ejecutando banco...
[2025-03-16 13:19:33] Ejecutando gcc para compilación...
[2025-03-16 13:19:33] Se ha leído correctamente el contenido del archivo banco.config
[2025-03-16 13:19:33] Ejecutando gcc para compilación...
[2025-03-16 13:19:33] Ejecutando gcc para compilación...
[2025-03-16 13:19:54] El id introducido no es válido debido a que es menor a 100
[2025-03-16 13:22:06] Compilación exitosa. Ejecutando banco...
[2025-03-16 13:22:06] Ejecutando gcc para compilación...
[2025-03-16 13:22:06] Ejecutando gcc para compilación...
[2025-03-16 13:22:06] Ejecutando gcc para compilación...
[2025-03-16 13:22:06] Se ha leído correctamente el contenido del archivo banco.config
[2025-03-16 13:40:43] Compilación exitosa. Ejecutando banco...
[2025-03-16 13:40:43] Ejecutando gcc para compilación...
[2025-03-16 13:40:43] Ejecutando gcc para compilación...
[2025-03-16 13:40:43] Ejecutando gcc para compilación...
[2025-03-16 13:40:43] Se ha leído correctamente el contenido del archivo banco.config
[2025-03-16 13:41:02] Error al ejecutar ./usuario
[2025-03-16 13:42:12] Error al hacer el inicio de sesión. Se necesita pasar el identificador a usuario
[2025-03-16 13:43:44] Error al hacer el inicio de sesión. Se necesita pasar el identificador a usuario
[2025-03-16 13:45:29] Error al hacer el inicio de sesión. Se necesita pasar el identificador a usuario
[2025-03-16 13:45:47] Compilación exitosa. Ejecutando banco...
[2025-03-16 13:45:47] Ejecutando gcc para compilación...
[2025-03-16 13:45:47] Ejecutando gcc para compilación...
[2025-03-16 13:45:47] Ejecutando gcc para compilación...
[2025-03-16 13:45:47] Se ha leído correctamente el contenido del archivo banco.config
[2025-03-16 13:45:51] El id ya existe
[2025-03-16 13:47:46] Compilación exitosa. Ejecutando banco...
[2025-03-16 13:47:46] Ejecutando gcc para compilación...
[2025-03-16 13:47:46] Se ha leído correctamente el contenido del archivo banco.config
[2025-03-16 13:47:46] Ejecutando gcc para compilación...
[2025-03-16 13:47:46] Ejecutando gcc para compilación...
[2025-03-16 13:48:09] El id ya existe
[2025-03-16 13:58:00] Compilación exitosa. Ejecutando banco...
[2025-03-16 13:58:00] Ejecutando gcc para compilación...
[2025-03-16 13:58:00] Ejecutando gcc para compilación...
[2025-03-16 13:58:00] Ejecutando gcc para compilación...
[2025-03-16 13:58:00] Se ha leído correctamente el contenido del archivo banco.config
[2025-03-16 13:58:04] El id ya existe
[2025-03-16 13:59:38] Ejecutando gcc para compilación...
[2025-03-16 13:59:38] Ejecutando gcc para compilación...
[2025-03-16 13:59:38] Ejecutando gcc para compilación...
[2025-03-16 13:59:38] Compilación exitosa. Ejecutando banco...
[2025-03-16 13:59:38] Se ha leído correctamente el contenido del archivo banco.config
[2025-03-16 13:59:45] Error al ejecutar ./usuario
[2025-03-16 13:59:56] Error al ejecutar ./usuario
[2025-03-16 14:00:09] El id introducido no es válido debido a que es menor a 100
[2025-03-16 14:03:58] Compilación exitosa. Ejecutando banco...
[2025-03-16 14:03:58] Ejecutando gcc para compilación...
[2025-03-16 14:03:58] Ejecutando gcc para compilación...
[2025-03-16 14:03:58] Ejecutando gcc para compilación...
[2025-03-16 14:03:58] Se ha leído correctamente el contenido del archivo banco.config
[2025-03-16 14:04:01] Error al ejecutar ./usuario
[2025-03-16 14:08:48] Compilación exitosa. Ejecutando banco...
[2025-03-16 14:08:48] Se ha leído correctamente el contenido del archivo banco.config
[2025-03-16 14:08:48] Ejecutando gcc para compilación...
[2025-03-16 14:08:48] Ejecutando gcc para compilación...
[2025-03-16 14:08:48] Ejecutando gcc para compilación...
[2025-03-16 14:09:22] Error al ejecutar ./usuario
[2025-03-20 10:26:35] Ejecutando gcc para compilación...
[2025-03-20 10:26:35] Ejecutando gcc para compilación...
[2025-03-20 10:26:35] Compilación exitosa. Ejecutando banco...
[2025-03-20 10:26:35] Ejecutando gcc para compilación...
[2025-03-20 10:26:35] Se ha leído correctamente el contenido del archivo banco.config
[2025-03-20 10:26:38] Error al ejecutar ./usuario
[2025-03-20 10:30:10] Ejecutando gcc para compilación...
[2025-03-20 10:30:10] Compilación exitosa. Ejecutando banco...
[2025-03-20 10:30:10] Ejecutando gcc para compilación...
[2025-03-20 10:30:10] Ejecutando gcc para compilación...
[2025-03-20 10:30:10] Se ha leído correctamente el contenido del archivo banco.config
[2025-03-20 10:30:43] Error al ejecutar ./usuario
[2025-03-20 10:33:07] Ejecutando gcc para compilación...
[2025-03-20 10:33:07] Compilación exitosa. Ejecutando banco...
[2025-03-20 10:33:07] Ejecutando gcc para compilación...
[2025-03-20 10:33:07] Ejecutando gcc para compilación...
[2025-03-20 10:33:07] Se ha leído correctamente el contenido del archivo banco.config
[2025-03-20 10:34:24] Error al ejecutar la nueva terminal para ./usuario
[2025-03-20 11:04:53] Compilación exitosa. Ejecutando banco...
[2025-03-20 11:04:53] Ejecutando gcc para compilación...
[2025-03-20 11:04:53] Ejecutando gcc para compilación...
[2025-03-20 11:04:53] Ejecutando gcc para compilación...
[2025-03-20 11:04:53] Se ha leído correctamente el contenido del archivo banco.config
[2025-03-20 11:04:56] Error al ejecutar la nueva terminal para ./usuario
[2025-03-20 11:05:14] Ejecutando gcc para compilación...
[2025-03-20 11:05:14] Compilación exitosa. Ejecutando banco...
[2025-03-20 11:05:14] Se ha leído correctamente el contenido del archivo banco.config
[2025-03-20 11:05:14] Ejecutando gcc para compilación...
[2025-03-20 11:05:14] Ejecutando gcc para compilación...
[2025-03-20 11:05:29] Compilación exitosa. Ejecutando banco...
[2025-03-20 11:05:29] Ejecutando gcc para compilación...
[2025-03-20 11:05:29] Se ha leído correctamente el contenido del archivo banco.config
[2025-03-20 11:05:29] Ejecutando gcc para compilación...
[2025-03-20 11:05:29] Ejecutando gcc para compilación...
[2025-03-20 11:05:55] Compilación exitosa. Ejecutando banco...
[2025-03-20 11:05:55] Ejecutando gcc para compilación...
[2025-03-20 11:05:55] Ejecutando gcc para compilación...
[2025-03-20 11:05:55] Ejecutando gcc para compilación...
[2025-03-20 11:05:55] Se ha leído correctamente el contenido del archivo banco.config
[2025-03-20 11:15:51] Compilación exitosa. Ejecutando banco...
[2025-03-20 11:15:51] Ejecutando gcc para compilación...
[2025-03-20 11:15:51] Ejecutando gcc para compilación...
[2025-03-20 11:15:51] Ejecutando gcc para compilación...
[2025-03-20 11:15:51] Se ha leído correctamente el contenido del archivo banco.config
[2025-03-20 11:15:55] El id ya existe
[2025-03-20 11:16:09] Ejecutando gcc para compilación...
[2025-03-20 11:16:09] Compilación exitosa. Ejecutando banco...
[2025-03-20 11:16:09] Ejecutando gcc para compilación...
[2025-03-20 11:16:09] Ejecutando gcc para compilación...
[2025-03-20 11:16:09] Se ha leído correctamente el contenido del archivo banco.config
[2025-03-20 11:16:14] El id ya existe
[2025-03-20 11:16:26] El id ya existe
[2025-03-20 11:16:36] El id ya existe
[2025-03-20 11:16:58] El id ya existe
[2025-03-20 11:17:18] El id ya existe
[2025-03-20 11:33:49] Compilación exitosa. Ejecutando banco...
[2025-03-20 11:33:49] Ejecutando gcc para compilación...
[2025-03-20 11:33:49] Ejecutando gcc para compilación...
[2025-03-20 11:33:49] Se ha leído correctamente el contenido del archivo banco.config
[2025-03-20 11:33:49] Ejecutando gcc para compilación...
[2025-03-20 11:33:53] El id ya existe
[2025-03-20 11:51:05] Ejecutando gcc para compilación...
[2025-03-20 11:51:05] Compilación exitosa. Ejecutando banco...
[2025-03-20 11:51:05] Ejecutando gcc para compilación...
[2025-03-20 11:51:05] Se ha leído correctamente el contenido del archivo banco.config
[2025-03-20 11:51:05] Ejecutando gcc para compilación...
[2025-03-20 11:51:27] Ejecutando gcc para compilación...
[2025-03-20 11:51:27] Compilación exitosa. Ejecutando banco...
[2025-03-20 11:51:27] Ejecutando gcc para compilación...
[2025-03-20 11:51:27] Ejecutando gcc para compilación...
[2025-03-20 11:51:27] Se ha leído correctamente el contenido del archivo banco.config
[2025-03-20 11:51:32] El id ya existe
[2025-03-21 10:46:03] Error al hacer el inicio de sesión. Se necesita pasar el identificador a usuario
[2025-03-21 10:46:21] Error al hacer el inicio de sesión. Se necesita pasar el identificador a usuario
[2025-03-21 10:47:46] Ejecutando gcc para compilación...
[2025-03-21 10:47:46] Ejecutando gcc para compilación...
[2025-03-21 10:47:46] Compilación exitosa. Ejecutando banco...
[2025-03-21 10:47:46] Ejecutando gcc para compilación...
[2025-03-21 10:47:46] Se ha leído correctamente el contenido del archivo banco.config
[2025-03-21 10:47:50] El id ya existe
[2025-03-21 10:48:21] El id ya existe
[2025-03-21 10:50:24] Ejecutando gcc para compilación...
[2025-03-21 10:50:24] Ejecutando gcc para compilación...
[2025-03-21 10:50:24] Ejecutando gcc para compilación...
[2025-03-21 10:50:24] Compilación exitosa. Ejecutando banco...
[2025-03-21 10:50:24] Se ha leído correctamente el contenido del archivo banco.config
[2025-03-21 10:50:27] El id ya existe
[2025-03-21 10:51:20] Compilación exitosa. Ejecutando banco...
[2025-03-21 10:51:20] Ejecutando gcc para compilación...
[2025-03-21 10:51:20] Ejecutando gcc para compilación...
[2025-03-21 10:51:20] Ejecutando gcc para compilación...
[2025-03-21 10:51:20] Se ha leído correctamente el contenido del archivo banco.config
[2025-03-21 10:51:26] El id ya existe
[2025-03-21 10:51:59] Ejecutando gcc para compilación...
[2025-03-21 10:51:59] Compilación exitosa. Ejecutando banco...
[2025-03-21 10:51:59] Ejecutando gcc para compilación...
[2025-03-21 10:51:59] Ejecutando gcc para compilación...
[2025-03-21 10:51:59] Se ha leído correctamente el contenido del archivo banco.config
[2025-03-21 10:52:03] El id ya existe
[2025-03-21 10:53:00] Ejecutando gcc para compilación...
[2025-03-21 10:53:00] Compilación exitosa. Ejecutando banco...
[2025-03-21 10:53:00] Ejecutando gcc para compilación...
[2025-03-21 10:53:00] Ejecutando gcc para compilación...
[2025-03-21 10:53:00] Se ha leído correctamente el contenido del archivo banco.config
[2025-03-21 10:53:04] El id ya existe
[2025-03-21 10:53:24] Ejecutando gcc para compilación...
[2025-03-21 10:53:24] Ejecutando gcc para compilación...
[2025-03-21 10:53:24] Compilación exitosa. Ejecutando banco...
[2025-03-21 10:53:24] Ejecutando gcc para compilación...
[2025-03-21 10:53:24] Se ha leído correctamente el contenido del archivo banco.config
[2025-03-21 10:53:27] El id ya existe
[2025-03-21 10:59:24] Compilación exitosa. Ejecutando banco...
[2025-03-21 10:59:24] Ejecutando gcc para compilación...
[2025-03-21 10:59:24] Ejecutando gcc para compilación...
[2025-03-21 10:59:24] Ejecutando gcc para compilación...
[2025-03-21 10:59:25] Se ha leído correctamente el contenido del archivo banco.config
[2025-03-21 11:01:13] Compilación exitosa. Ejecutando banco...
[2025-03-21 11:01:13] Ejecutando gcc para compilación...
[2025-03-21 11:01:13] Ejecutando gcc para compilación...
[2025-03-21 11:01:13] Ejecutando gcc para compilación...
[2025-03-21 11:01:13] Se ha leído correctamente el contenido del archivo banco.config
[2025-03-21 11:02:01] Compilación exitosa. Ejecutando banco...
[2025-03-21 11:02:01] Ejecutando gcc para compilación...
[2025-03-21 11:02:01] Ejecutando gcc para compilación...
[2025-03-21 11:02:01] Ejecutando gcc para compilación...
[2025-03-21 11:02:01] Se ha leído correctamente el contenido del archivo banco.config
[2025-03-21 11:03:49] El id ya existe
[2025-03-21 11:04:58] Compilación exitosa. Ejecutando banco...
[2025-03-21 11:04:58] Ejecutando gcc para compilación...
[2025-03-21 11:04:58] Ejecutando gcc para compilación...
[2025-03-21 11:04:58] Ejecutando gcc para compilación...
[2025-03-21 11:04:58] Se ha leído correctamente el contenido del archivo banco.config
[2025-03-21 11:05:04] El id ya existe
[2025-03-21 11:05:09] El id ya existe
[2025-03-21 11:06:25] Ejecutando gcc para compilación...
[2025-03-21 11:06:25] Ejecutando gcc para compilación...
[2025-03-21 11:06:25] Compilación exitosa. Ejecutando banco...
[2025-03-21 11:06:25] Ejecutando gcc para compilación...
[2025-03-21 11:06:25] Se ha leído correctamente el contenido del archivo banco.config
[2025-03-21 11:06:33] El id ya existe
[2025-03-21 11:06:45] El id ya existe
[2025-03-21 11:15:32] Ejecutando gcc para compilación...
[2025-03-21 11:15:32] Compilación exitosa. Ejecutando banco...
[2025-03-21 11:15:32] Ejecutando gcc para compilación...
[2025-03-21 11:15:32] Ejecutando gcc para compilación...
[2025-03-21 11:15:32] Se ha leído correctamente el contenido del archivo banco.config
[2025-03-21 11:16:39] El id ya existe
[2025-03-21 11:28:10] Ejecutando gcc para compilación...
[2025-03-21 11:28:10] Ejecutando gcc para compilación...
[2025-03-21 11:28:10] Compilación exitosa. Ejecutando banco...
[2025-03-21 11:28:10] Ejecutando gcc para compilación...
[2025-03-21 11:28:10] Se ha leído correctamente el contenido del archivo banco.config
[2025-03-21 11:29:16] Compilación exitosa. Ejecutando banco...
[2025-03-21 11:29:16] Ejecutando gcc para compilación...
[2025-03-21 11:29:16] Ejecutando gcc para compilación...
[2025-03-21 11:29:16] Ejecutando gcc para compilación...
[2025-03-21 11:29:16] Se ha leído correctamente el contenido del archivo banco.config
[2025-03-21 11:29:29] Ejecutando gcc para compilación...
[2025-03-21 11:29:29] Compilación exitosa. Ejecutando banco...
[2025-03-21 11:29:29] Ejecutando gcc para compilación...
[2025-03-21 11:29:29] Ejecutando gcc para compilación...
[2025-03-21 11:29:29] Se ha leído correctamente el contenido del archivo banco.config
[2025-03-21 11:29:52] Compilación exitosa. Ejecutando banco...
[2025-03-21 11:29:52] Ejecutando gcc para compilación...
[2025-03-21 11:29:52] Ejecutando gcc para compilación...
[2025-03-21 11:29:52] Ejecutando gcc para compilación...
[2025-03-21 11:29:52] Se ha leído correctamente el contenido del archivo banco.config
[2025-03-21 11:30:13] Compilación exitosa. Ejecutando banco...
[2025-03-21 11:30:13] Ejecutando gcc para compilación...
[2025-03-21 11:30:13] Ejecutando gcc para compilación...
[2025-03-21 11:30:13] Ejecutando gcc para compilación...
[2025-03-21 11:30:13] Se ha leído correctamente el contenido del archivo banco.config
[2025-03-21 11:31:38] Ejecutando gcc para compilación...
[2025-03-21 11:31:38] Ejecutando gcc para compilación...
[2025-03-21 11:31:38] Compilación exitosa. Ejecutando banco...
[2025-03-21 11:31:38] Ejecutando gcc para compilación...
[2025-03-21 11:31:39] Se ha leído correctamente el contenido del archivo banco.config
[2025-03-21 11:32:08] Ejecutando gcc para compilación...
[2025-03-21 11:32:08] Compilación exitosa. Ejecutando banco...
[2025-03-21 11:32:08] Ejecutando gcc para compilación...
[2025-03-21 11:32:08] Ejecutando gcc para compilación...
[2025-03-21 11:32:08] Se ha leído correctamente el contenido del archivo banco.config
[2025-03-21 11:32:47] Ejecutando gcc para compilación...
[2025-03-21 11:32:47] Ejecutando gcc para compilación...
[2025-03-21 11:32:47] Ejecutando gcc para compilación...
[2025-03-21 11:32:47] Compilación exitosa. Ejecutando banco...
[2025-03-21 11:32:47] Se ha leído correctamente el contenido del archivo banco.config
[2025-03-21 11:33:28] Ejecutando gcc para compilación...
[2025-03-21 11:33:28] Compilación exitosa. Ejecutando banco...
[2025-03-21 11:33:28] Ejecutando gcc para compilación...
[2025-03-21 11:33:28] Ejecutando gcc para compilación...
[2025-03-21 11:33:28] Se ha leído correctamente el contenido del archivo banco.config
[2025-03-21 11:34:01] El id ya existe
[2025-03-21 11:36:59] Compilación exitosa. Ejecutando banco...
[2025-03-21 11:36:59] Ejecutando gcc para compilación...
[2025-03-21 11:36:59] Ejecutando gcc para compilación...
[2025-03-21 11:36:59] Ejecutando gcc para compilación...
[2025-03-21 11:36:59] Se ha leído correctamente el contenido del archivo banco.config
[2025-03-21 11:37:23] Compilación exitosa. Ejecutando banco...
[2025-03-21 11:37:23] Ejecutando gcc para compilación...
[2025-03-21 11:37:23] Ejecutando gcc para compilación...
[2025-03-21 11:37:23] Ejecutando gcc para compilación...
[2025-03-21 11:37:23] Se ha leído correctamente el contenido del archivo banco.config
[2025-03-21 11:37:59] Compilación exitosa. Ejecutando banco...
[2025-03-21 11:37:59] Ejecutando gcc para compilación...
[2025-03-21 11:37:59] Ejecutando gcc para compilación...
[2025-03-21 11:37:59] Ejecutando gcc para compilación...
[2025-03-21 11:37:59] Se ha leído correctamente el contenido del archivo banco.config
[2025-03-21 11:40:37] Ejecutando gcc para compilación...
[2025-03-21 11:40:37] Ejecutando gcc para compilación...
[2025-03-21 11:40:37] Ejecutando gcc para compilación...
[2025-03-21 11:40:37] Compilación exitosa. Ejecutando banco...
[2025-03-21 11:40:37] Se ha leído correctamente el contenido del archivo banco.config
[2025-03-21 11:40:56] Compilación exitosa. Ejecutando banco...
[2025-03-21 11:40:56] Ejecutando gcc para compilación...
[2025-03-21 11:40:56] Ejecutando gcc para compilación...
[2025-03-21 11:40:56] Ejecutando gcc para compilación...
[2025-03-21 11:40:56] Se ha leído correctamente el contenido del archivo banco.config
[2025-03-21 12:11:05] Ejecutando gcc para compilación...
[2025-03-21 12:11:05] Ejecutando gcc para compilación...
[2025-03-21 12:11:05] Ejecutando gcc para compilación...
[2025-03-21 12:11:05] Compilación exitosa. Ejecutando banco...
[2025-03-21 12:11:05] Se ha leído correctamente el contenido del archivo banco.config
[2025-03-21 12:11:59] Ejecutando gcc para compilación...
[2025-03-21 12:11:59] Compilación exitosa. Ejecutando banco...
[2025-03-21 12:11:59] Ejecutando gcc para compilación...
[2025-03-21 12:11:59] Ejecutando gcc para compilación...
[2025-03-21 12:11:59] Se ha leído correctamente el contenido del archivo banco.config
[2025-03-21 12:13:05] Ejecutando gcc para compilación...
[2025-03-21 12:13:05] Ejecutando gcc para compilación...
[2025-03-21 12:13:05] Compilación exitosa. Ejecutando banco...
[2025-03-21 12:13:05] Ejecutando gcc para compilación...
[2025-03-21 12:13:05] Se ha leído correctamente el contenido del archivo banco.config
[2025-03-21 12:14:53] Compilación exitosa. Ejecutando banco...
[2025-03-21 12:14:53] Ejecutando gcc para compilación...
[2025-03-21 12:14:53] Ejecutando gcc para compilación...
[2025-03-21 12:14:53] Ejecutando gcc para compilación...
[2025-03-21 12:14:53] Se ha leído correctamente el contenido del archivo banco.config
[2025-03-21 12:37:57] Ejecutando gcc para compilación...
[2025-03-21 12:37:57] Ejecutando gcc para compilación...
[2025-03-21 12:37:57] Compilación exitosa. Ejecutando banco...
[2025-03-21 12:37:57] Ejecutando gcc para compilación...
[2025-03-21 12:37:57] Se ha leído correctamente el contenido del archivo banco.config
[2025-03-21 12:39:44] Compilación exitosa. Ejecutando banco...
[2025-03-21 12:39:44] Ejecutando gcc para compilación...
[2025-03-21 12:39:44] Ejecutando gcc para compilación...
[2025-03-21 12:39:44] Ejecutando gcc para compilación...
[2025-03-21 12:39:44] Se ha leído correctamente el contenido del archivo banco.config
[2025-03-21 12:40:12] Compilación exitosa. Ejecutando banco...
[2025-03-21 12:40:12] Ejecutando gcc para compilación...
[2025-03-21 12:40:12] Ejecutando gcc para compilación...
[2025-03-21 12:40:12] Ejecutando gcc para compilación...
[2025-03-21 12:40:12] Se ha leído correctamente el contenido del archivo banco.config
[2025-03-21 12:41:11] Ejecutando gcc para compilación...
[2025-03-21 12:41:11] Ejecutando gcc para compilación...
[2025-03-21 12:41:11] Ejecutando gcc para compilación...
[2025-03-21 12:41:11] Compilación exitosa. Ejecutando banco...
[2025-03-21 12:41:11] Se ha leído correctamente el contenido del archivo banco.config
[2025-03-21 12:41:50] El id ya existe
[2025-03-21 12:47:20] Compilación exitosa. Ejecutando banco...
[2025-03-21 12:47:20] Ejecutando gcc para compilación...
[2025-03-21 12:47:20] Ejecutando gcc para compilación...
[2025-03-21 12:47:20] Ejecutando gcc para compilación...
[2025-03-21 12:47:20] Se ha leído correctamente el contenido del archivo banco.config
[2025-03-21 12:47:40] Saldo consultado exitosamente
[2025-03-21 12:50:53] Ejecutando gcc para compilación...
[2025-03-21 12:50:53] Compilación exitosa. Ejecutando banco...
[2025-03-21 12:50:53] Ejecutando gcc para compilación...
[2025-03-21 12:50:53] Ejecutando gcc para compilación...
[2025-03-21 12:50:53] Se ha leído correctamente el contenido del archivo banco.config
[2025-03-21 12:51:02] Saldo consultado exitosamente
[2025-03-21 12:51:02] Saldo consultado exitosamente
[2025-03-21 12:51:16] Saldo consultado exitosamente
[2025-03-21 12:52:21] Ejecutando gcc para compilación...
[2025-03-21 12:52:21] Ejecutando gcc para compilación...
[2025-03-21 12:52:21] Compilación exitosa. Ejecutando banco...
[2025-03-21 12:52:21] Ejecutando gcc para compilación...
[2025-03-21 12:52:21] Se ha leído correctamente el contenido del archivo banco.config
[2025-03-21 12:56:55] Ejecutando gcc para compilación...
[2025-03-21 12:56:55] Compilación exitosa. Ejecutando banco...
[2025-03-21 12:56:55] Ejecutando gcc para compilación...
[2025-03-21 12:56:55] Ejecutando gcc para compilación...
[2025-03-21 12:56:56] Se ha leído correctamente el contenido del archivo banco.config
[2025-03-21 12:57:02] Saldo consultado exitosamente
[2025-03-21 12:57:06] Saldo consultado exitosamente
[2025-03-21 13:01:36] Ejecutando gcc para compilación...
[2025-03-21 13:01:36] Compilación exitosa. Ejecutando banco...
[2025-03-21 13:01:36] Ejecutando gcc para compilación...
[2025-03-21 13:01:36] Ejecutando gcc para compilación...
[2025-03-21 13:01:37] Se ha leído correctamente el contenido del archivo banco.config
[2025-03-21 13:02:11] Compilación exitosa. Ejecutando banco...
[2025-03-21 13:02:11] Ejecutando gcc para compilación...
[2025-03-21 13:02:11] Ejecutando gcc para compilación...
[2025-03-21 13:02:11] Ejecutando gcc para compilación...
[2025-03-21 13:02:11] Se ha leído correctamente el contenido del archivo banco.config
[2025-03-21 13:05:08] Ejecutando gcc para compilación...
[2025-03-21 13:05:08] Ejecutando gcc para compilación...
[2025-03-21 13:05:08] Ejecutando gcc para compilación...
[2025-03-21 13:05:08] Compilación exitosa. Ejecutando banco...
[2025-03-21 13:05:09] Se ha leído correctamente el contenido del archivo banco.config
[2025-03-21 13:10:29] Ejecutando gcc para compilación...
[2025-03-21 13:10:29] Ejecutando gcc para compilación...
[2025-03-21 13:10:29] Compilación exitosa. Ejecutando banco...
[2025-03-21 13:10:29] Ejecutando gcc para compilación...
[2025-03-21 13:10:29] Se ha leído correctamente el contenido del archivo banco.config
[2025-03-21 13:12:44] Compilación exitosa. Ejecutando banco...
[2025-03-21 13:12:44] Ejecutando gcc para compilación...
[2025-03-21 13:12:44] Ejecutando gcc para compilación...
[2025-03-21 13:12:44] Ejecutando gcc para compilación...
[2025-03-21 13:12:44] Se ha leído correctamente el contenido del archivo banco.config
[2025-03-21 13:14:47] Ejecutando gcc para compilación...
[2025-03-21 13:14:47] Ejecutando gcc para compilación...
[2025-03-21 13:14:47] Compilación exitosa. Ejecutando banco...
[2025-03-21 13:14:47] Ejecutando gcc para compilación...
[2025-03-21 13:14:47] Se ha leído correctamente el contenido del archivo banco.config
[2025-03-21 13:14:57] Saldo consultado exitosamente
[2025-03-21 13:16:31] Saldo consultado exitosamente
[2025-03-21 13:16:41] Saldo consultado exitosamente
[2025-03-21 13:18:07] Compilación exitosa. Ejecutando banco...
[2025-03-21 13:18:07] Ejecutando gcc para compilación...
[2025-03-21 13:18:07] Ejecutando gcc para compilación...
[2025-03-21 13:18:07] Ejecutando gcc para compilación...
[2025-03-21 13:18:07] Se ha leído correctamente el contenido del archivo banco.config
[2025-03-21 13:18:18] Compilación exitosa. Ejecutando banco...
[2025-03-21 13:18:18] Ejecutando gcc para compilación...
[2025-03-21 13:18:18] Ejecutando gcc para compilación...
[2025-03-21 13:18:18] Ejecutando gcc para compilación...
[2025-03-21 13:18:18] Se ha leído correctamente el contenido del archivo banco.config
[2025-03-21 13:18:45] Ejecutando gcc para compilación...
[2025-03-21 13:18:45] Compilación exitosa. Ejecutando banco...
[2025-03-21 13:18:45] Ejecutando gcc para compilación...
[2025-03-21 13:18:45] Ejecutando gcc para compilación...
[2025-03-21 13:18:45] Se ha leído correctamente el contenido del archivo banco.config
[2025-03-21 13:18:55] Saldo consultado exitosamente
[2025-03-21 13:20:17] Ejecutando gcc para compilación...
[2025-03-21 13:20:17] Ejecutando gcc para compilación...
[2025-03-21 13:20:17] Ejecutando gcc para compilación...
[2025-03-21 13:20:17] Compilación exitosa. Ejecutando banco...
[2025-03-21 13:20:17] Se ha leído correctamente el contenido del archivo banco.config
[2025-03-21 13:20:23] Saldo consultado exitosamente
[2025-03-21 13:22:03] Compilación exitosa. Ejecutando banco...
[2025-03-21 13:22:03] Ejecutando gcc para compilación...
[2025-03-21 13:22:03] Ejecutando gcc para compilación...
[2025-03-21 13:22:03] Ejecutando gcc para compilación...
[2025-03-21 13:22:03] Se ha leído correctamente el contenido del archivo banco.config
[2025-03-21 13:22:30] Ejecutando gcc para compilación...
[2025-03-21 13:22:30] Ejecutando gcc para compilación...
[2025-03-21 13:22:30] Ejecutando gcc para compilación...
[2025-03-21 13:22:30] Compilación exitosa. Ejecutando banco...
[2025-03-21 13:22:30] Se ha leído correctamente el contenido del archivo banco.config
[2025-03-21 13:22:37] Saldo consultado exitosamente
[2025-03-21 13:22:52] Saldo consultado exitosamente
[2025-03-21 13:22:58] Saldo consultado exitosamente
[2025-03-21 13:24:19] Ejecutando gcc para compilación...
[2025-03-21 13:24:19] Compilación exitosa. Ejecutando banco...
[2025-03-21 13:24:19] Ejecutando gcc para compilación...
[2025-03-21 13:24:19] Ejecutando gcc para compilación...
[2025-03-21 13:24:19] Se ha leído correctamente el contenido del archivo banco.config
[2025-03-21 13:24:26] Saldo consultado exitosamente
[2025-03-21 13:24:39] Saldo consultado exitosamente
[2025-03-21 13:24:49] Saldo consultado exitosamente
[2025-03-21 13:30:28] Ejecutando gcc para compilación...
[2025-03-21 13:30:28] Ejecutando gcc para compilación...
[2025-03-21 13:30:28] Compilación exitosa. Ejecutando banco...
[2025-03-21 13:30:28] Ejecutando gcc para compilación...
[2025-03-21 13:30:28] Se ha leído correctamente el contenido del archivo banco.config
[2025-03-21 13:30:40] Saldo consultado exitosamente
[2025-03-21 13:30:52] Saldo consultado exitosamente
[2025-03-21 13:30:55] Saldo consultado exitosamente
[2025-03-21 13:31:44] Ejecutando gcc para compilación...
[2025-03-21 13:31:44] Ejecutando gcc para compilación...
[2025-03-21 13:31:44] Ejecutando gcc para compilación...
[2025-03-21 13:31:44] Compilación exitosa. Ejecutando banco...
[2025-03-21 13:31:44] Se ha leído correctamente el contenido del archivo banco.config
[2025-03-21 13:31:51] Saldo consultado exitosamente
[2025-03-21 13:32:02] Ejecutando gcc para compilación...
[2025-03-21 13:32:02] Compilación exitosa. Ejecutando banco...
[2025-03-21 13:32:02] Ejecutando gcc para compilación...
[2025-03-21 13:32:02] Ejecutando gcc para compilación...
[2025-03-21 13:32:02] Se ha leído correctamente el contenido del archivo banco.config
[2025-03-21 13:32:07] Saldo consultado exitosamente
[2025-03-21 13:39:47] Compilación exitosa. Ejecutando banco...
[2025-03-21 13:39:47] Ejecutando gcc para compilación...
[2025-03-21 13:39:47] Ejecutando gcc para compilación...
[2025-03-21 13:39:47] Ejecutando gcc para compilación...
[2025-03-21 13:39:47] Se ha leído correctamente el contenido del archivo banco.config
[2025-03-21 13:41:28] Ejecutando gcc para compilación...
[2025-03-21 13:41:28] Ejecutando gcc para compilación...
[2025-03-21 13:41:28] Compilación exitosa. Ejecutando banco...
[2025-03-21 13:41:28] Ejecutando gcc para compilación...
[2025-03-21 13:41:28] Se ha leído correctamente el contenido del archivo banco.config
[2025-03-21 13:42:07] Compilación exitosa. Ejecutando banco...
[2025-03-21 13:42:07] Ejecutando gcc para compilación...
[2025-03-21 13:42:07] Ejecutando gcc para compilación...
[2025-03-21 13:42:07] Ejecutando gcc para compilación...
[2025-03-21 13:42:07] Se ha leído correctamente el contenido del archivo banco.config
[2025-03-21 13:43:46] Ejecutando gcc para compilación...
[2025-03-21 13:43:46] Ejecutando gcc para compilación...
[2025-03-21 13:43:46] Compilación exitosa. Ejecutando banco...
[2025-03-21 13:43:46] Ejecutando gcc para compilación...
[2025-03-21 13:43:46] Se ha leído correctamente el contenido del archivo banco.config
[2025-03-21 13:43:58] Saldo consultado exitosamente
[2025-03-21 13:44:10] Saldo consultado exitosamente
[2025-03-21 13:44:22] Saldo consultado exitosamente
[2025-03-21 13:46:59] Ejecutando gcc para compilación...
[2025-03-21 13:46:59] Ejecutando gcc para compilación...
[2025-03-21 13:46:59] Ejecutando gcc para compilación...
[2025-03-21 13:46:59] Compilación exitosa. Ejecutando banco...
[2025-03-21 13:46:59] Se ha leído correctamente el contenido del archivo banco.config
[2025-03-21 13:47:07] Saldo consultado exitosamente
[2025-03-21 13:47:10] Saldo consultado exitosamente
[2025-03-21 13:48:41] Ejecutando gcc para compilación...
[2025-03-21 13:48:41] Ejecutando gcc para compilación...
[2025-03-21 13:48:41] Compilación exitosa. Ejecutando banco...
[2025-03-21 13:48:41] Ejecutando gcc para compilación...
[2025-03-21 13:48:41] Se ha leído correctamente el contenido del archivo banco.config
[2025-03-21 13:55:34] Ejecutando gcc para compilación...
[2025-03-21 13:55:34] Compilación exitosa. Ejecutando banco...
[2025-03-21 13:55:34] Ejecutando gcc para compilación...
[2025-03-21 13:55:34] Ejecutando gcc para compilación...
[2025-03-21 13:55:34] Se ha leído correctamente el contenido del archivo banco.config
[2025-03-21 13:55:51] Ejecutando gcc para compilación...
[2025-03-21 13:55:51] Compilación exitosa. Ejecutando banco...
[2025-03-21 13:55:51] Ejecutando gcc para compilación...
[2025-03-21 13:55:51] Ejecutando gcc para compilación...
[2025-03-21 13:55:51] Se ha leído correctamente el contenido del archivo banco.config
[2025-03-21 13:56:03] Saldo consultado exitosamente
[2025-03-21 13:56:06] ✅ Retiro exitoso.
[2025-03-21 13:56:50] Ejecutando gcc para compilación...
[2025-03-21 13:56:50] Compilación exitosa. Ejecutando banco...
[2025-03-21 13:56:50] Ejecutando gcc para compilación...
[2025-03-21 13:56:50] Ejecutando gcc para compilación...
[2025-03-21 13:56:50] Se ha leído correctamente el contenido del archivo banco.config
[2025-03-21 13:57:58] Ejecutando gcc para compilación...
[2025-03-21 13:57:58] Ejecutando gcc para compilación...
[2025-03-21 13:57:58] Ejecutando gcc para compilación...
[2025-03-21 13:57:58] Compilación exitosa. Ejecutando banco...
[2025-03-21 13:57:58] Se ha leído correctamente el contenido del archivo banco.config
[2025-03-21 13:58:11] Saldo consultado exitosamente
[2025-03-21 13:58:14] ✅ Retiro exitoso.
[2025-03-21 13:59:01] Saldo consultado exitosamente
[2025-03-21 13:59:05] Saldo consultado exitosamente
[2025-03-21 17:11:23] Compilación exitosa. Ejecutando banco...
[2025-03-21 17:11:23] Ejecutando gcc para compilación...
[2025-03-21 17:11:23] Ejecutando gcc para compilación...
[2025-03-21 17:11:23] Ejecutando gcc para compilación...
[2025-03-21 17:11:23] Se ha leído correctamente el contenido del archivo banco.config
[2025-03-21 17:14:15] Ejecutando gcc para compilación...
[2025-03-21 17:14:15] Ejecutando gcc para compilación...
[2025-03-21 17:14:15] Ejecutando gcc para compilación...
[2025-03-21 17:14:15] Compilación exitosa. Ejecutando banco...
[2025-03-21 17:14:15] Se ha leído correctamente el contenido del archivo banco.config
[2025-03-21 17:14:44] Ejecutando gcc para compilación...
[2025-03-21 17:14:44] Ejecutando gcc para compilación...
[2025-03-21 17:14:44] Compilación exitosa. Ejecutando banco...
[2025-03-21 17:14:44] Ejecutando gcc para compilación...
[2025-03-21 17:14:44] Se ha leído correctamente el contenido del archivo banco.config
[2025-03-21 17:15:30] Compilación exitosa. Ejecutando banco...
[2025-03-21 17:15:30] Ejecutando gcc para compilación...
[2025-03-21 17:15:30] Ejecutando gcc para compilación...
[2025-03-21 17:15:30] Ejecutando gcc para compilación...
[2025-03-21 17:15:30] Se ha leído correctamente el contenido del archivo banco.config
[2025-03-21 17:16:12] Ejecutando gcc para compilación...
[2025-03-21 17:16:12] Ejecutando gcc para compilación...
[2025-03-21 17:16:12] Compilación exitosa. Ejecutando banco...
[2025-03-21 17:16:12] Ejecutando gcc para compilación...
[2025-03-21 17:16:12] Se ha leído correctamente el contenido del archivo banco.config
[2025-03-21 17:16:22] Ejecutando gcc para compilación...
[2025-03-21 17:16:22] Compilación exitosa. Ejecutando banco...
[2025-03-21 17:16:22] Ejecutando gcc para compilación...
[2025-03-21 17:16:22] Ejecutando gcc para compilación...
[2025-03-21 17:16:22] Se ha leído correctamente el contenido del archivo banco.config
[2025-03-21 17:19:41] Ejecutando gcc para compilación...
[2025-03-21 17:19:41] Ejecutando gcc para compilación...
[2025-03-21 17:19:41] Compilación exitosa. Ejecutando banco...
[2025-03-21 17:19:41] Ejecutando gcc para compilación...
[2025-03-21 17:19:41] Se ha leído correctamente el contenido del archivo banco.config
[2025-03-21 17:19:55] Ejecutando gcc para compilación...
[2025-03-21 17:19:55] Ejecutando gcc para compilación...
[2025-03-21 17:19:55] Ejecutando gcc para compilación...
[2025-03-21 17:19:55] Compilación exitosa. Ejecutando banco...
[2025-03-21 17:19:55] Se ha leído correctamente el contenido del archivo banco.config
[2025-03-21 17:20:22] Saldo consultado exitosamente
[2025-03-21 17:20:33] ✅ Retiro exitoso.
[2025-03-21 17:20:53] El id introducido no es válido debido a que es menor a 100
[2025-03-21 17:20:55] El id introducido no es válido debido a que es menor a 100
[2025-03-21 17:20:56] El id introducido no es válido debido a que es menor a 100
[2025-03-21 17:20:57] El id introducido no es válido debido a que es menor a 100
[2025-03-21 17:21:58] Ejecutando gcc para compilación...
[2025-03-21 17:21:58] Ejecutando gcc para compilación...
[2025-03-21 17:21:58] Compilación exitosa. Ejecutando banco...
[2025-03-21 17:21:58] Ejecutando gcc para compilación...
[2025-03-21 17:21:58] Se ha leído correctamente el contenido del archivo banco.config
[2025-03-21 17:24:31] Ejecutando gcc para compilación...
[2025-03-21 17:24:31] Compilación exitosa. Ejecutando banco...
[2025-03-21 17:24:31] Ejecutando gcc para compilación...
[2025-03-21 17:24:31] Ejecutando gcc para compilación...
[2025-03-21 17:24:31] Se ha leído correctamente el contenido del archivo banco.config
[2025-03-21 17:24:44] Compilación exitosa. Ejecutando banco...
[2025-03-21 17:24:44] Ejecutando gcc para compilación...
[2025-03-21 17:24:44] Ejecutando gcc para compilación...
[2025-03-21 17:24:44] Ejecutando gcc para compilación...
[2025-03-21 17:24:44] Se ha leído correctamente el contenido del archivo banco.config
[2025-03-21 17:25:54] Ejecutando gcc para compilación...
[2025-03-21 17:25:54] Ejecutando gcc para compilación...
[2025-03-21 17:25:54] Compilación exitosa. Ejecutando banco...
[2025-03-21 17:25:54] Ejecutando gcc para compilación...
[2025-03-21 17:25:54] Se ha leído correctamente el contenido del archivo banco.config
[2025-03-23 17:21:45] Compilación exitosa. Ejecutando banco...
[2025-03-23 17:21:45] Ejecutando gcc para compilación...
[2025-03-23 17:21:45] Ejecutando gcc para compilación...
[2025-03-23 17:21:45] Ejecutando gcc para compilación...
[2025-03-23 17:21:45] Se ha leído correctamente el contenido del archivo banco.config
[2025-03-23 17:22:14] Compilación exitosa. Ejecutando banco...
[2025-03-23 17:22:14] Ejecutando gcc para compilación...
[2025-03-23 17:22:14] Se ha leído correctamente el contenido del archivo banco.config
[2025-03-23 17:22:14] Ejecutando gcc para compilación...
[2025-03-23 17:22:14] Ejecutando gcc para compilación...
[2025-03-23 17:22:36] Saldo consultado exitosamente
[2025-03-23 17:22:38] ✅ Retiro exitoso.
[2025-03-23 17:25:18] Compilación exitosa. Ejecutando banco...
[2025-03-23 17:25:18] Ejecutando gcc para compilación...
[2025-03-23 17:25:18] Ejecutando gcc para compilación...
[2025-03-23 17:25:18] Ejecutando gcc para compilación...
[2025-03-23 17:25:18] Se ha leído correctamente el contenido del archivo banco.config
[2025-03-23 17:25:24] Saldo consultado exitosamente
[2025-03-23 17:25:25] ✅ Retiro exitoso.
[2025-03-23 17:30:49] Compilación exitosa. Ejecutando banco...
[2025-03-23 17:30:49] Se ha leído correctamente el contenido del archivo banco.config
[2025-03-23 17:30:49] Ejecutando gcc para compilación...
[2025-03-23 17:30:49] Ejecutando gcc para compilación...
[2025-03-23 17:30:49] Ejecutando gcc para compilación...
[2025-03-23 17:31:06] Saldo consultado exitosamente
[2025-03-23 17:31:08] ✅ Cantidad retiro introducido correctamente.
[2025-03-23 17:31:33] Compilación exitosa. Ejecutando banco...
[2025-03-23 17:31:33] Ejecutando gcc para compilación...
[2025-03-23 17:31:33] Ejecutando gcc para compilación...
[2025-03-23 17:31:33] Ejecutando gcc para compilación...
[2025-03-23 17:31:33] Se ha leído correctamente el contenido del archivo banco.config
[2025-03-23 17:31:37] Saldo consultado exitosamente
[2025-03-23 17:31:38] ✅ Cantidad retiro introducido correctamente.
[2025-03-23 17:32:07] Compilación exitosa. Ejecutando banco...
[2025-03-23 17:32:07] Ejecutando gcc para compilación...
[2025-03-23 17:32:07] Ejecutando gcc para compilación...
[2025-03-23 17:32:07] Ejecutando gcc para compilación...
[2025-03-23 17:32:07] Se ha leído correctamente el contenido del archivo banco.config
[2025-03-23 17:32:11] Saldo consultado exitosamente
[2025-03-23 17:33:01] Ejecutando gcc para compilación...
[2025-03-23 17:33:01] Ejecutando gcc para compilación...
[2025-03-23 17:33:01] Compilación exitosa. Ejecutando banco...
[2025-03-23 17:33:01] Se ha leído correctamente el contenido del archivo banco.config
[2025-03-23 17:33:01] Ejecutando gcc para compilación...
[2025-03-23 17:33:06] Saldo consultado exitosamente
[2025-03-23 17:33:06] ✅ Cantidad retiro introducido correctamente.
[2025-03-23 17:35:05] Ejecutando gcc para compilación...
[2025-03-23 17:35:05] Compilación exitosa. Ejecutando banco...
[2025-03-23 17:35:05] Ejecutando gcc para compilación...
[2025-03-23 17:35:05] Ejecutando gcc para compilación...
[2025-03-23 17:35:05] Se ha leído correctamente el contenido del archivo banco.config
[2025-03-23 17:35:09] Saldo consultado exitosamente
[2025-03-23 17:35:10] ✅ Cantidad retiro introducido correctamente.
[2025-03-23 17:37:40] Compilación exitosa. Ejecutando banco...
[2025-03-23 17:37:40] Ejecutando gcc para compilación...
[2025-03-23 17:37:40] Se ha leído correctamente el contenido del archivo banco.config
[2025-03-23 17:37:40] Ejecutando gcc para compilación...
[2025-03-23 17:37:40] Ejecutando gcc para compilación...
[2025-03-23 17:39:09] Ejecutando gcc para compilación...
[2025-03-23 17:39:09] Compilación exitosa. Ejecutando banco...
[2025-03-23 17:39:09] Ejecutando gcc para compilación...
[2025-03-23 17:39:09] Ejecutando gcc para compilación...
[2025-03-23 17:39:09] Se ha leído correctamente el contenido del archivo banco.config
[2025-03-23 17:39:14] Saldo consultado exitosamente
[2025-03-23 17:39:14] ✅ Cantidad retiro introducido correctamente.
[2025-03-23 17:40:07] Compilación exitosa. Ejecutando banco...
[2025-03-23 17:40:07] Se ha leído correctamente el contenido del archivo banco.config
[2025-03-23 17:40:07] Ejecutando gcc para compilación...
[2025-03-23 17:40:07] Ejecutando gcc para compilación...
[2025-03-23 17:40:07] Ejecutando gcc para compilación...
[2025-03-23 17:40:56] Ejecutando gcc para compilación...
[2025-03-23 17:40:56] Compilación exitosa. Ejecutando banco...
[2025-03-23 17:40:56] Se ha leído correctamente el contenido del archivo banco.config
[2025-03-23 17:40:56] Ejecutando gcc para compilación...
[2025-03-23 17:40:56] Ejecutando gcc para compilación...
[2025-03-23 17:41:13] Ejecutando gcc para compilación...
[2025-03-23 17:41:13] Compilación exitosa. Ejecutando banco...
[2025-03-23 17:41:13] Ejecutando gcc para compilación...
[2025-03-23 17:41:13] Ejecutando gcc para compilación...
[2025-03-23 17:41:13] Se ha leído correctamente el contenido del archivo banco.config
[2025-03-23 17:41:22] Saldo consultado exitosamente
[2025-03-23 17:42:57] Ejecutando gcc para compilación...
[2025-03-23 17:42:57] Compilación exitosa. Ejecutando banco...
[2025-03-23 17:42:57] Se ha leído correctamente el contenido del archivo banco.config
[2025-03-23 17:42:57] Ejecutando gcc para compilación...
[2025-03-23 17:42:57] Ejecutando gcc para compilación...
[2025-03-23 17:43:19] Compilación exitosa. Ejecutando banco...
[2025-03-23 17:43:19] Ejecutando gcc para compilación...
[2025-03-23 17:43:19] Se ha leído correctamente el contenido del archivo banco.config
[2025-03-23 17:43:19] Ejecutando gcc para compilación...
[2025-03-23 17:43:19] Ejecutando gcc para compilación...
[2025-03-23 17:43:23] Saldo consultado exitosamente
[2025-03-23 17:43:25] ✅ Cantidad retiro introducido correctamente.
[2025-03-23 17:44:05] Compilación exitosa. Ejecutando banco...
[2025-03-23 17:44:05] Se ha leído correctamente el contenido del archivo banco.config
[2025-03-23 17:44:05] Ejecutando gcc para compilación...
[2025-03-23 17:44:05] Ejecutando gcc para compilación...
[2025-03-23 17:44:05] Ejecutando gcc para compilación...
[2025-03-23 17:44:08] Saldo consultado exitosamente
[2025-03-23 17:44:16] ✅ Cantidad retiro introducido correctamente.
[2025-03-23 17:51:24] Compilación exitosa. Ejecutando banco...
[2025-03-23 17:51:24] Ejecutando gcc para compilación...
[2025-03-23 17:51:24] Se ha leído correctamente el contenido del archivo banco.config
[2025-03-23 17:51:24] Ejecutando gcc para compilación...
[2025-03-23 17:51:24] Ejecutando gcc para compilación...
[2025-03-23 17:51:28] Saldo consultado exitosamente
[2025-03-23 17:53:52] Compilación exitosa. Ejecutando banco...
[2025-03-23 17:53:52] Se ha leído correctamente el contenido del archivo banco.config
[2025-03-23 17:53:52] Ejecutando gcc para compilación...
[2025-03-23 17:53:52] Ejecutando gcc para compilación...
[2025-03-23 17:53:52] Ejecutando gcc para compilación...
[2025-03-23 17:53:55] Saldo consultado exitosamente
[2025-03-23 17:53:56] ✅ Cantidad retiro introducido correctamente.
[2025-03-23 17:54:13] Ejecutando gcc para compilación...
[2025-03-23 17:54:13] Compilación exitosa. Ejecutando banco...
[2025-03-23 17:54:13] Se ha leído correctamente el contenido del archivo banco.config
[2025-03-23 17:54:13] Ejecutando gcc para compilación...
[2025-03-23 17:54:13] Ejecutando gcc para compilación...
[2025-03-23 17:54:19] Saldo consultado exitosamente
[2025-03-23 17:54:20] ✅ Cantidad retiro introducido correctamente.
[2025-03-23 17:56:22] Compilación exitosa. Ejecutando banco...
[2025-03-23 17:56:22] Ejecutando gcc para compilación...
[2025-03-23 17:56:22] Se ha leído correctamente el contenido del archivo banco.config
[2025-03-23 17:56:22] Ejecutando gcc para compilación...
[2025-03-23 17:56:22] Ejecutando gcc para compilación...
[2025-03-23 17:56:28] Saldo consultado exitosamente
[2025-03-23 17:56:29] ✅ Cantidad retiro introducido correctamente.
[2025-03-23 17:57:35] Compilación exitosa. Ejecutando banco...
[2025-03-23 17:57:35] Se ha leído correctamente el contenido del archivo banco.config
[2025-03-23 17:57:35] Ejecutando gcc para compilación...
[2025-03-23 17:57:35] Ejecutando gcc para compilación...
[2025-03-23 17:57:35] Ejecutando gcc para compilación...
[2025-03-23 17:57:40] Saldo consultado exitosamente
[2025-03-23 17:57:42] ✅ Cantidad retiro introducido correctamente.
[2025-03-23 17:59:25] Compilación exitosa. Ejecutando banco...
[2025-03-23 17:59:25] Se ha leído correctamente el contenido del archivo banco.config
[2025-03-23 17:59:25] Ejecutando gcc para compilación...
[2025-03-23 17:59:25] Ejecutando gcc para compilación...
[2025-03-23 17:59:25] Ejecutando gcc para compilación...
[2025-03-23 17:59:28] Saldo consultado exitosamente
[2025-03-23 17:59:30] ✅ Cantidad retiro introducido correctamente.
[2025-03-23 18:00:03] Compilación exitosa. Ejecutando banco...
[2025-03-23 18:00:03] Se ha leído correctamente el contenido del archivo banco.config
[2025-03-23 18:00:03] Ejecutando gcc para compilación...
[2025-03-23 18:00:03] Ejecutando gcc para compilación...
[2025-03-23 18:00:03] Ejecutando gcc para compilación...
[2025-03-23 18:00:07] Saldo consultado exitosamente
[2025-03-23 18:00:08] ✅ Cantidad retiro introducido correctamente.
[2025-03-23 18:00:24] Compilación exitosa. Ejecutando banco...
[2025-03-23 18:00:24] Se ha leído correctamente el contenido del archivo banco.config
[2025-03-23 18:00:24] Ejecutando gcc para compilación...
[2025-03-23 18:00:24] Ejecutando gcc para compilación...
[2025-03-23 18:00:24] Ejecutando gcc para compilación...
[2025-03-23 18:00:29] Saldo consultado exitosamente
[2025-03-23 18:00:30] ✅ Cantidad retiro introducido correctamente.
[2025-03-23 18:01:18] Compilación exitosa. Ejecutando banco...
[2025-03-23 18:01:18] Se ha leído correctamente el contenido del archivo banco.config
[2025-03-23 18:01:18] Ejecutando gcc para compilación...
[2025-03-23 18:01:18] Ejecutando gcc para compilación...
[2025-03-23 18:01:18] Ejecutando gcc para compilación...
[2025-03-23 18:01:22] Saldo consultado exitosamente
[2025-03-23 18:01:24] ✅ Cantidad retiro introducido correctamente.
[2025-03-23 18:01:31] Ejecutando gcc para compilación...
[2025-03-23 18:01:31] Compilación exitosa. Ejecutando banco...
[2025-03-23 18:01:31] Se ha leído correctamente el contenido del archivo banco.config
[2025-03-23 18:01:31] Ejecutando gcc para compilación...
[2025-03-23 18:01:31] Ejecutando gcc para compilación...
[2025-03-23 18:01:34] Saldo consultado exitosamente
[2025-03-23 18:01:36] ✅ Cantidad retiro introducido correctamente.
[2025-03-23 18:02:33] Compilación exitosa. Ejecutando banco...
[2025-03-23 18:02:33] Ejecutando gcc para compilación...
[2025-03-23 18:02:33] Ejecutando gcc para compilación...
[2025-03-23 18:02:33] Se ha leído correctamente el contenido del archivo banco.config
[2025-03-23 18:02:33] Ejecutando gcc para compilación...
[2025-03-23 18:02:37] Saldo consultado exitosamente
[2025-03-23 18:02:46] ✅ Cantidad retiro introducido correctamente.
[2025-03-23 18:03:12] Ejecutando gcc para compilación...
[2025-03-23 18:03:12] Compilación exitosa. Ejecutando banco...
[2025-03-23 18:03:12] Se ha leído correctamente el contenido del archivo banco.config
[2025-03-23 18:03:12] Ejecutando gcc para compilación...
[2025-03-23 18:03:12] Ejecutando gcc para compilación...
[2025-03-23 18:03:18] Saldo consultado exitosamente
[2025-03-23 18:03:53] Ejecutando gcc para compilación...
[2025-03-23 18:03:53] Compilación exitosa. Ejecutando banco...
[2025-03-23 18:03:53] Se ha leído correctamente el contenido del archivo banco.config
[2025-03-23 18:03:53] Ejecutando gcc para compilación...
[2025-03-23 18:03:53] Ejecutando gcc para compilación...
[2025-03-23 18:03:56] Saldo consultado exitosamente
[2025-03-23 18:03:57] ✅ Cantidad retiro introducido correctamente.
[2025-03-23 18:04:52] Ejecutando gcc para compilación...
[2025-03-23 18:04:52] Ejecutando gcc para compilación...
[2025-03-23 18:04:52] Compilación exitosa. Ejecutando banco...
[2025-03-23 18:04:52] Se ha leído correctamente el contenido del archivo banco.config
[2025-03-23 18:04:52] Ejecutando gcc para compilación...
[2025-03-23 18:04:56] Saldo consultado exitosamente
[2025-03-23 18:04:58] ✅ Cantidad retiro introducido correctamente.
[2025-03-23 18:05:23] Ejecutando gcc para compilación...
[2025-03-23 18:05:23] Compilación exitosa. Ejecutando banco...
[2025-03-23 18:05:23] Se ha leído correctamente el contenido del archivo banco.config
[2025-03-23 18:05:23] Ejecutando gcc para compilación...
[2025-03-23 18:05:23] Ejecutando gcc para compilación...
[2025-03-23 18:05:27] Saldo consultado exitosamente
[2025-03-23 18:05:28] ✅ Cantidad retiro introducido correctamente.
[2025-03-23 18:05:40] Ejecutando gcc para compilación...
[2025-03-23 18:05:40] Compilación exitosa. Ejecutando banco...
[2025-03-23 18:05:40] Se ha leído correctamente el contenido del archivo banco.config
[2025-03-23 18:05:40] Ejecutando gcc para compilación...
[2025-03-23 18:05:40] Ejecutando gcc para compilación...
[2025-03-23 18:05:44] Saldo consultado exitosamente
[2025-03-23 18:06:08] Ejecutando gcc para compilación...
[2025-03-23 18:06:08] Compilación exitosa. Ejecutando banco...
[2025-03-23 18:06:08] Se ha leído correctamente el contenido del archivo banco.config
[2025-03-23 18:06:08] Ejecutando gcc para compilación...
[2025-03-23 18:06:08] Ejecutando gcc para compilación...
[2025-03-23 18:06:13] Saldo consultado exitosamente
[2025-03-23 18:06:13] ✅ Cantidad retiro introducido correctamente.
[2025-03-23 18:06:43] Compilación exitosa. Ejecutando banco...
[2025-03-23 18:06:43] Se ha leído correctamente el contenido del archivo banco.config
[2025-03-23 18:06:43] Ejecutando gcc para compilación...
[2025-03-23 18:06:43] Ejecutando gcc para compilación...
[2025-03-23 18:06:43] Ejecutando gcc para compilación...
[2025-03-23 18:06:46] Saldo consultado exitosamente
[2025-03-23 18:07:06] Ejecutando gcc para compilación...
[2025-03-23 18:07:06] Compilación exitosa. Ejecutando banco...
[2025-03-23 18:07:06] Ejecutando gcc para compilación...
[2025-03-23 18:07:06] Se ha leído correctamente el contenido del archivo banco.config
[2025-03-23 18:07:06] Ejecutando gcc para compilación...
[2025-03-23 18:07:10] Saldo consultado exitosamente
[2025-03-23 18:07:54] Compilación exitosa. Ejecutando banco...
[2025-03-23 18:07:54] Ejecutando gcc para compilación...
[2025-03-23 18:07:54] Ejecutando gcc para compilación...
[2025-03-23 18:07:54] Ejecutando gcc para compilación...
[2025-03-23 18:07:54] Se ha leído correctamente el contenido del archivo banco.config
[2025-03-23 18:07:58] Saldo consultado exitosamente
[2025-03-23 18:09:02] Compilación exitosa. Ejecutando banco...
[2025-03-23 18:09:02] Se ha leído correctamente el contenido del archivo banco.config
[2025-03-23 18:09:02] Ejecutando gcc para compilación...
[2025-03-23 18:09:02] Ejecutando gcc para compilación...
[2025-03-23 18:09:02] Ejecutando gcc para compilación...
[2025-03-23 18:09:05] Saldo consultado exitosamente
[2025-03-23 18:10:24] Compilación exitosa. Ejecutando banco...
[2025-03-23 18:10:24] Ejecutando gcc para compilación...
[2025-03-23 18:10:24] Se ha leído correctamente el contenido del archivo banco.config
[2025-03-23 18:10:24] Ejecutando gcc para compilación...
[2025-03-23 18:10:24] Ejecutando gcc para compilación...
[2025-03-23 18:10:28] Saldo consultado exitosamente
[2025-03-23 18:10:31] Operacion retiro done
[2025-03-23 18:14:45] Compilación exitosa. Ejecutando banco...
[2025-03-23 18:14:45] Se ha leído correctamente el contenido del archivo banco.config
[2025-03-23 18:14:45] Ejecutando gcc para compilación...
[2025-03-23 18:14:45] Ejecutando gcc para compilación...
[2025-03-23 18:14:45] Ejecutando gcc para compilación...
[2025-03-23 18:15:17] Saldo consultado exitosamente
[2025-03-23 18:15:18] ✅ Cantidad retiro introducido correctamente.
[2025-03-23 18:15:18] Operacion retiro done
[2025-03-23 18:15:18] Cuentas actualizadas correctamente
[2025-03-23 18:16:14] Compilación exitosa. Ejecutando banco...
[2025-03-23 18:16:14] Se ha leído correctamente el contenido del archivo banco.config
[2025-03-23 18:16:14] Ejecutando gcc para compilación...
[2025-03-23 18:16:14] Ejecutando gcc para compilación...
[2025-03-23 18:16:14] Ejecutando gcc para compilación...
[2025-03-23 18:16:18] Saldo consultado exitosamente
[2025-03-23 18:16:21] ✅ Cantidad retiro introducido correctamente.
[2025-03-23 18:16:21] Operacion retiro done
[2025-03-23 18:16:21] Cuentas actualizadas correctamente
[2025-03-23 18:16:29] Saldo consultado exitosamente
[2025-03-23 18:32:39] Compilación exitosa. Ejecutando banco...
[2025-03-23 18:32:39] Ejecutando gcc para compilación...
[2025-03-23 18:32:39] Se ha leído correctamente el contenido del archivo banco.config
[2025-03-23 18:32:39] Ejecutando gcc para compilación...
[2025-03-23 18:32:39] Ejecutando gcc para compilación...
[2025-03-23 18:33:37] Compilación exitosa. Ejecutando banco...
[2025-03-23 18:33:37] Ejecutando gcc para compilación...
[2025-03-23 18:33:37] Ejecutando gcc para compilación...
[2025-03-23 18:33:37] Se ha leído correctamente el contenido del archivo banco.config
[2025-03-23 18:33:37] Ejecutando gcc para compilación...
[2025-03-23 18:33:41] Saldo consultado exitosamente
[2025-03-23 18:36:07] Compilación exitosa. Ejecutando banco...
[2025-03-23 18:36:07] Ejecutando gcc para compilación...
[2025-03-23 18:36:07] Ejecutando gcc para compilación...
[2025-03-23 18:36:07] Ejecutando gcc para compilación...
[2025-03-23 18:36:07] Se ha leído correctamente el contenido del archivo banco.config
[2025-03-23 18:36:11] Saldo consultado exitosamente
[2025-03-23 18:36:24] Saldo consultado exitosamente
[2025-03-23 18:36:27] ✅ Cantidad retiro introducido correctamente.
[2025-03-23 18:36:27] Operacion ingreso done
[2025-03-23 18:36:27] Cuentas actualizadas correctamente
[2025-03-23 18:36:32] Saldo consultado exitosamente
[2025-03-23 18:37:47] Saldo consultado exitosamente
[2025-03-23 18:41:21] ✅ Cantidad retiro introducido correctamente.
[2025-03-23 18:41:21] Operacion ingreso done
[2025-03-23 18:41:21] Cuentas actualizadas correctamente
[2025-03-23 18:41:25] Saldo consultado exitosamente
[2025-03-23 18:42:04] Ejecutando gcc para compilación...
[2025-03-23 18:42:04] Compilación exitosa. Ejecutando banco...
[2025-03-23 18:42:04] Se ha leído correctamente el contenido del archivo banco.config
[2025-03-23 18:42:04] Ejecutando gcc para compilación...
[2025-03-23 18:42:04] Ejecutando gcc para compilación...
[2025-03-23 18:42:09] Saldo consultado exitosamente
[2025-03-23 18:43:18] Compilación exitosa. Ejecutando banco...
[2025-03-23 18:43:18] Se ha leído correctamente el contenido del archivo banco.config
[2025-03-23 18:43:18] Ejecutando gcc para compilación...
[2025-03-23 18:43:18] Ejecutando gcc para compilación...
[2025-03-23 18:43:18] Ejecutando gcc para compilación...
[2025-03-23 23:10:10] Compilación exitosa. Ejecutando banco...
[2025-03-23 23:10:10] Ejecutando gcc para compilación...
[2025-03-23 23:10:10] Ejecutando gcc para compilación...
[2025-03-23 23:10:10] Ejecutando gcc para compilación...
[2025-03-23 23:10:10] Se ha leído correctamente el contenido del archivo banco.config
[2025-03-23 23:22:56] Compilación exitosa. Ejecutando banco...
[2025-03-23 23:22:56] Se ha leído correctamente el contenido del archivo banco.config
[2025-03-23 23:22:56] Ejecutando gcc para compilación...
[2025-03-23 23:22:56] Ejecutando gcc para compilación...
[2025-03-23 23:22:56] Ejecutando gcc para compilación...
[2025-03-23 23:23:38] Compilación exitosa. Ejecutando banco...
[2025-03-23 23:23:38] Ejecutando gcc para compilación...
[2025-03-23 23:23:38] Ejecutando gcc para compilación...
[2025-03-23 23:23:38] Ejecutando gcc para compilación...
[2025-03-23 23:23:38] Se ha leído correctamente el contenido del archivo banco.config
[2025-03-25 19:31:26] Ejecutando gcc para compilación...
[2025-03-25 19:31:26] Compilación exitosa. Ejecutando banco...
[2025-03-25 19:31:26] Se ha leído correctamente el contenido del archivo banco.config
[2025-03-25 19:31:26] Ejecutando gcc para compilación...
[2025-03-25 19:31:26] Ejecutando gcc para compilación...
[2025-03-25 19:49:02] Ejecutando gcc para compilación...
[2025-03-25 19:49:02] Ejecutando gcc para compilación...
[2025-03-25 19:49:02] Ejecutando gcc para compilación...
[2025-03-25 20:11:23] Ejecutando gcc para compilación...
[2025-03-25 20:11:25] Ejecutando gcc para compilación...
[2025-03-25 20:11:26] Ejecutando gcc para compilación...
[2025-03-25 20:11:26] Compilación exitosa. Ejecutando banco...
[2025-03-25 20:11:31] Se ha leído correctamente el contenido del archivo banco.config
[2025-03-25 20:11:40] Ejecutando gcc para compilación...
[2025-03-25 20:11:40] Ejecutando gcc para compilación...
[2025-03-25 20:11:40] Compilación exitosa. Ejecutando banco...
[2025-03-25 20:11:40] Ejecutando gcc para compilación...
[2025-03-25 20:11:40] Se ha leído correctamente el contenido del archivo banco.config
[2025-03-25 20:12:07] Ejecutando gcc para compilación...
[2025-03-25 20:12:07] Compilación exitosa. Ejecutando banco...
[2025-03-25 20:12:07] Se ha leído correctamente el contenido del archivo banco.config
[2025-03-25 20:12:07] Ejecutando gcc para compilación...
[2025-03-25 20:12:07] Ejecutando gcc para compilación...
[2025-03-25 20:12:13] Ejecutando gcc para compilación...
[2025-03-25 20:12:13] Compilación exitosa. Ejecutando banco...
[2025-03-25 20:12:13] Se ha leído correctamente el contenido del archivo banco.config
[2025-03-25 20:12:13] Ejecutando gcc para compilación...
[2025-03-25 20:12:13] Ejecutando gcc para compilación...
[2025-03-25 20:12:15] Compilación exitosa. Ejecutando banco...
[2025-03-25 20:12:15] Ejecutando gcc para compilación...
[2025-03-25 20:12:15] Se ha leído correctamente el contenido del archivo banco.config
[2025-03-25 20:12:15] Ejecutando gcc para compilación...
[2025-03-25 20:12:15] Ejecutando gcc para compilación...
[2025-03-25 20:12:17] Compilación exitosa. Ejecutando banco...
[2025-03-25 20:12:17] Ejecutando gcc para compilación...
[2025-03-25 20:12:17] Se ha leído correctamente el contenido del archivo banco.config
[2025-03-25 20:12:17] Ejecutando gcc para compilación...
[2025-03-25 20:12:17] Ejecutando gcc para compilación...
[2025-03-25 20:12:31] Compilación exitosa. Ejecutando banco...
[2025-03-25 20:12:31] Ejecutando gcc para compilación...
[2025-03-25 20:12:31] Ejecutando gcc para compilación...
[2025-03-25 20:12:31] Ejecutando gcc para compilación...
[2025-03-25 20:12:31] Se ha leído correctamente el contenido del archivo banco.config
[2025-03-25 20:33:07] Ejecutando gcc para compilación...
[2025-03-25 20:33:07] Ejecutando gcc para compilación...
[2025-03-25 20:33:07] Compilación exitosa. Ejecutando banco...
[2025-03-25 20:33:07] Ejecutando gcc para compilación...
[2025-03-25 20:33:07] Se ha leído correctamente el contenido del archivo banco.config
[2025-03-25 20:40:20] Ejecutando gcc para compilación...
[2025-03-25 20:40:20] Compilación exitosa. Ejecutando banco...
[2025-03-25 20:40:20] Ejecutando gcc para compilación...
[2025-03-25 20:40:20] Ejecutando gcc para compilación...
[2025-03-25 20:40:20] Se ha leído correctamente el contenido del archivo banco.config
[2025-03-25 20:40:38] Compilación exitosa. Ejecutando banco...
[2025-03-25 20:40:38] Ejecutando gcc para compilación...
[2025-03-25 20:40:38] Ejecutando gcc para compilación...
[2025-03-25 20:40:38] Ejecutando gcc para compilación...
[2025-03-25 20:40:38] Se ha leído correctamente el contenido del archivo banco.config
[2025-03-25 20:43:19] Ejecutando gcc para compilación...
[2025-03-25 20:43:19] Compilación exitosa. Ejecutando banco...
[2025-03-25 20:43:19] Ejecutando gcc para compilación...
[2025-03-25 20:43:19] Ejecutando gcc para compilación...
[2025-03-25 20:43:19] Se ha leído correctamente el contenido del archivo banco.config
[2025-03-25 20:47:54] Compilación exitosa. Ejecutando banco...
[2025-03-25 20:47:54] Ejecutando gcc para compilación...
[2025-03-25 20:47:54] Ejecutando gcc para compilación...
[2025-03-25 20:47:54] Ejecutando gcc para compilación...
[2025-03-25 20:47:54] Se ha leído correctamente el contenido del archivo banco.config
[2025-03-25 20:51:44] Compilación exitosa. Ejecutando banco...
[2025-03-25 20:51:44] Ejecutando gcc para compilación...
[2025-03-25 20:51:44] Ejecutando gcc para compilación...
[2025-03-25 20:51:44] Ejecutando gcc para compilación...
[2025-03-25 20:51:44] Se ha leído correctamente el contenido del archivo banco.config
[2025-03-25 20:55:42] Compilación exitosa. Ejecutando banco...
[2025-03-25 20:55:43] Ejecutando gcc para compilación...
[2025-03-25 20:58:04] Compilación exitosa. Ejecutando banco...
[2025-03-25 20:58:04] Ejecutando gcc para compilación...
[2025-03-25 20:58:40] Ejecutando gcc para compilación...
[2025-03-25 20:58:40] Ejecutando gcc para compilación...
[2025-03-25 20:58:40] Compilación exitosa. Ejecutando banco...
[2025-03-25 20:58:40] Ejecutando gcc para compilación...
[2025-03-25 20:59:19] Ejecutando gcc para compilación...
[2025-03-25 20:59:20] Ejecutando gcc para compilación...
[2025-03-25 20:59:21] Ejecutando gcc para compilación...
[2025-03-25 20:59:23] Compilación exitosa. Ejecutando banco...
[2025-03-25 21:01:19] Ejecutando gcc para compilación...
[2025-03-25 21:01:19] Ejecutando gcc para compilación...
[2025-03-25 21:01:19] Compilación exitosa. Ejecutando banco...
[2025-03-25 21:01:19] Ejecutando gcc para compilación...
[2025-03-25 21:10:39] Se ha leído correctamente el contenido del archivo banco.config
[2025-03-25 21:10:46] Compilación exitosa. Ejecutando banco...
[2025-03-25 21:10:46] Ejecutando gcc para compilación...
[2025-03-25 21:10:46] Ejecutando gcc para compilación...
[2025-03-25 21:10:46] Ejecutando gcc para compilación...
[2025-03-25 21:10:46] Se ha leído correctamente el contenido del archivo banco.config
[2025-03-25 21:12:53] Compilación exitosa. Ejecutando banco...
[2025-03-25 21:12:53] Ejecutando gcc para compilación...
[2025-03-25 21:12:53] Ejecutando gcc para compilación...
[2025-03-25 21:12:53] Se ha leído correctamente el contenido del archivo banco.config
[2025-03-25 21:12:53] Ejecutando gcc para compilación...
[2025-03-25 21:14:29] Ejecutando gcc para compilación...
[2025-03-25 21:14:29] Ejecutando gcc para compilación...
[2025-03-25 21:14:29] Compilación exitosa. Ejecutando banco...
[2025-03-25 21:14:29] Ejecutando gcc para compilación...
[2025-03-25 21:14:29] Se ha leído correctamente el contenido del archivo banco.config
[2025-03-25 21:15:09] Compilación exitosa. Ejecutando banco...
[2025-03-25 21:15:09] Ejecutando gcc para compilación...
[2025-03-25 21:15:09] Ejecutando gcc para compilación...
[2025-03-25 21:15:09] Ejecutando gcc para compilación...
[2025-03-25 21:15:09] Se ha leído correctamente el contenido del archivo banco.config
[2025-03-25 21:16:00] Compilación exitosa. Ejecutando banco...
[2025-03-25 21:16:00] Se ha leído correctamente el contenido del archivo banco.config
[2025-03-25 21:16:00] Ejecutando gcc para compilación...
[2025-03-25 21:16:00] Ejecutando gcc para compilación...
[2025-03-25 21:16:00] Ejecutando gcc para compilación...
[2025-03-25 21:18:38] Compilación exitosa. Ejecutando banco...
[2025-03-25 21:18:38] Ejecutando gcc para compilación...
[2025-03-25 21:18:38] Ejecutando gcc para compilación...
[2025-03-25 21:18:38] Ejecutando gcc para compilación...
[2025-03-25 21:18:38] Se ha leído correctamente el contenido del archivo banco.config
[2025-03-25 21:19:26] Ejecutando gcc para compilación...
[2025-03-25 21:19:26] Ejecutando gcc para compilación...
[2025-03-25 21:19:26] Compilación exitosa. Ejecutando banco...
[2025-03-25 21:19:26] Ejecutando gcc para compilación...
[2025-03-25 21:19:26] Se ha leído correctamente el contenido del archivo banco.config
[2025-03-25 21:22:02] Compilación exitosa. Ejecutando banco...
[2025-03-25 21:22:02] Ejecutando gcc para compilación...
[2025-03-25 21:22:02] Ejecutando gcc para compilación...
[2025-03-25 21:22:02] Se ha leído correctamente el contenido del archivo banco.config
[2025-03-25 21:22:02] Ejecutando gcc para compilación...
[2025-03-25 21:24:08] Compilación exitosa. Ejecutando banco...
[2025-03-25 21:24:08] Ejecutando gcc para compilación...
[2025-03-25 21:24:08] Ejecutando gcc para compilación...
[2025-03-25 21:24:08] Ejecutando gcc para compilación...
[2025-03-25 21:24:08] Se ha leído correctamente el contenido del archivo banco.config
[2025-03-31 17:31:46] Se ha leído correctamente el contenido del archivo banco.config
[2025-03-31 17:32:23] Se ha creado un nuevo usuario en el sistema del banco
[2025-03-31 17:35:01] Se ha leído correctamente el contenido del archivo banco.config
[2025-03-31 17:36:09] Se ha leído correctamente el contenido del archivo banco.config
[2025-03-31 17:37:08] Se ha creado un nuevo usuario en el sistema del banco
[2025-03-31 17:38:44] Se ha leído correctamente el contenido del archivo banco.config
[2025-03-31 17:39:44] Se ha leído correctamente el contenido del archivo banco.config
[2025-03-31 17:40:34] Se ha creado un nuevo usuario en el sistema del banco
[2025-03-31 17:42:13] Se ha leído correctamente el contenido del archivo banco.config
[2025-03-31 17:42:23] Se ha creado un nuevo usuario en el sistema del banco
[2025-04-03 16:42:49] Ejecutando gcc para compilación...
[2025-04-03 16:42:49] Ejecutando gcc para compilación...
[2025-04-03 16:42:49] Ejecutando gcc para compilación...
[2025-04-03 16:42:49] Compilación exitosa. Ejecutando banco...
[2025-04-03 16:42:49] Se ha leído correctamente el contenido del archivo banco.config
[2025-04-03 16:43:14] Se ha creado un nuevo usuario en el sistema del banco
[2025-04-03 16:44:17] El id ya existe
[2025-04-03 16:45:07] El id ya existe
[2025-04-03 16:46:55] Compilación exitosa. Ejecutando banco...
[2025-04-03 16:46:55] Ejecutando gcc para compilación...
[2025-04-03 16:46:55] Ejecutando gcc para compilación...
[2025-04-03 16:46:55] Se ha leído correctamente el contenido del archivo banco.config
[2025-04-03 16:46:55] Ejecutando gcc para compilación...
[2025-04-03 16:47:04] El id ya existe
[2025-04-03 16:47:46] Ejecutando gcc para compilación...
[2025-04-03 16:47:46] Compilación exitosa. Ejecutando banco...
[2025-04-03 16:47:46] Se ha leído correctamente el contenido del archivo banco.config
[2025-04-03 16:47:46] Ejecutando gcc para compilación...
[2025-04-03 16:47:46] Ejecutando gcc para compilación...
[2025-04-03 16:47:53] El id ya existe
[2025-04-03 16:48:22] Compilación exitosa. Ejecutando banco...
[2025-04-03 16:48:22] Ejecutando gcc para compilación...
[2025-04-03 16:48:22] Ejecutando gcc para compilación...
[2025-04-03 16:48:22] Se ha leído correctamente el contenido del archivo banco.config
[2025-04-03 16:48:22] Ejecutando gcc para compilación...
[2025-04-03 16:48:29] El id ya existe
[2025-04-03 16:48:57] Ejecutando gcc para compilación...
[2025-04-03 16:48:57] Ejecutando gcc para compilación...
[2025-04-03 16:48:57] Compilación exitosa. Ejecutando banco...
[2025-04-03 16:48:57] Ejecutando gcc para compilación...
[2025-04-03 16:48:57] Se ha leído correctamente el contenido del archivo banco.config
[2025-04-03 16:49:04] El id ya existe
[2025-04-03 16:49:25] Compilación exitosa. Ejecutando banco...
[2025-04-03 16:49:25] Ejecutando gcc para compilación...
[2025-04-03 16:49:25] Ejecutando gcc para compilación...
[2025-04-03 16:49:25] Ejecutando gcc para compilación...
[2025-04-03 16:49:25] Se ha leído correctamente el contenido del archivo banco.config
[2025-04-03 16:49:48] Compilación exitosa. Ejecutando banco...
[2025-04-03 16:49:48] Se ha leído correctamente el contenido del archivo banco.config
[2025-04-03 16:49:48] Ejecutando gcc para compilación...
[2025-04-03 16:49:48] Ejecutando gcc para compilación...
[2025-04-03 16:49:48] Ejecutando gcc para compilación...
[2025-04-03 16:50:19] Compilación exitosa. Ejecutando banco...
[2025-04-03 16:50:19] Ejecutando gcc para compilación...
[2025-04-03 16:50:19] Se ha leído correctamente el contenido del archivo banco.config
[2025-04-03 16:50:19] Ejecutando gcc para compilación...
[2025-04-03 16:50:19] Ejecutando gcc para compilación...
[2025-04-03 16:50:34] Compilación exitosa. Ejecutando banco...
[2025-04-03 16:50:34] Ejecutando gcc para compilación...
[2025-04-03 16:50:34] Ejecutando gcc para compilación...
[2025-04-03 16:50:34] Ejecutando gcc para compilación...
[2025-04-03 16:50:34] Se ha leído correctamente el contenido del archivo banco.config
[2025-04-03 16:50:48] El id ya existe
[2025-04-03 16:50:55] El id ya existe
[2025-04-03 16:52:06] Ejecutando gcc para compilación...
[2025-04-03 16:52:06] Ejecutando gcc para compilación...
[2025-04-03 16:52:06] Compilación exitosa. Ejecutando banco...
[2025-04-03 16:52:06] Ejecutando gcc para compilación...
[2025-04-03 16:52:06] Se ha leído correctamente el contenido del archivo banco.config
[2025-04-03 16:52:30] Ejecutando gcc para compilación...
[2025-04-03 16:52:30] Ejecutando gcc para compilación...
[2025-04-03 16:52:30] Ejecutando gcc para compilación...
[2025-04-03 16:52:30] Compilación exitosa. Ejecutando banco...
[2025-04-03 16:52:30] Se ha leído correctamente el contenido del archivo banco.config
[2025-04-03 16:52:36] El id ya existe
[2025-04-03 16:53:24] Ejecutando gcc para compilación...
[2025-04-03 16:53:24] Compilación exitosa. Ejecutando banco...
[2025-04-03 16:53:24] Ejecutando gcc para compilación...
[2025-04-03 16:53:24] Ejecutando gcc para compilación...
[2025-04-03 16:53:24] Se ha leído correctamente el contenido del archivo banco.config
[2025-04-03 16:53:30] El id ya existe
[2025-04-03 12:01:55] Ejecutando gcc para compilación...
[2025-04-03 12:01:55] Compilación exitosa. Ejecutando banco...
[2025-04-03 12:01:55] Ejecutando gcc para compilación...
[2025-04-03 12:01:55] Ejecutando gcc para compilación...
[2025-04-03 12:01:55] Se ha leído correctamente el contenido del archivo banco.config
[2025-04-03 12:03:10] Ejecutando gcc para compilación...
[2025-04-03 12:03:10] Compilación exitosa. Ejecutando banco...
[2025-04-03 12:03:10] Ejecutando gcc para compilación...
[2025-04-03 12:03:10] Ejecutando gcc para compilación...
[2025-04-03 12:03:10] Se ha leído correctamente el contenido del archivo banco.config
[2025-04-03 12:05:03] Ejecutando gcc para compilación...
[2025-04-03 12:05:03] Ejecutando gcc para compilación...
[2025-04-03 12:05:03] Compilación exitosa. Ejecutando banco...
[2025-04-03 12:05:03] Ejecutando gcc para compilación...
[2025-04-03 12:05:04] Se ha leído correctamente el contenido del archivo banco.config
[2025-04-03 12:05:39] Ejecutando gcc para compilación...
[2025-04-03 12:05:39] Ejecutando gcc para compilación...
[2025-04-03 12:05:39] Ejecutando gcc para compilación...
[2025-04-03 12:05:39] Compilación exitosa. Ejecutando banco...
[2025-04-03 12:05:39] Se ha leído correctamente el contenido del archivo banco.config
[2025-04-03 18:59:27] Ejecutando gcc para compilación...
[2025-04-03 18:59:27] Ejecutando gcc para compilación...
[2025-04-03 18:59:27] Compilación exitosa. Ejecutando banco...
[2025-04-03 18:59:27] Ejecutando gcc para compilación...
[2025-04-03 19:01:02] Compilación exitosa. Ejecutando banco...
[2025-04-03 19:01:02] Ejecutando gcc para compilación...
[2025-04-03 19:01:02] Ejecutando gcc para compilación...
[2025-04-03 19:01:02] Se ha leído correctamente el contenido del archivo banco.config
[2025-04-03 19:01:02] Ejecutando gcc para compilación...
[2025-04-03 19:01:40] Compilación exitosa. Ejecutando banco...
[2025-04-03 19:01:40] Ejecutando gcc para compilación...
[2025-04-03 19:01:40] Ejecutando gcc para compilación...
[2025-04-03 19:01:40] Ejecutando gcc para compilación...
[2025-04-03 19:01:40] Se ha leído correctamente el contenido del archivo banco.config
[2025-04-03 19:02:03] 🟥 El id introducido no es válido debido a que es menor a 100
[2025-04-03 19:21:43] Ejecutando gcc para compilación...
[2025-04-03 19:21:43] Ejecutando gcc para compilación...
[2025-04-03 19:21:43] Compilación exitosa. Ejecutando banco...
[2025-04-03 19:21:43] Ejecutando gcc para compilación...
[2025-04-03 19:21:43] Se ha leído correctamente el contenido del archivo banco.config
[2025-04-03 19:22:13] El id ya existe
[2025-04-03 19:22:26] El id ya existe
[2025-04-03 19:22:38] Ejecutando gcc para compilación...
[2025-04-03 19:22:38] Compilación exitosa. Ejecutando banco...
[2025-04-03 19:22:38] Ejecutando gcc para compilación...
[2025-04-03 19:22:38] Ejecutando gcc para compilación...
[2025-04-03 19:22:38] Se ha leído correctamente el contenido del archivo banco.config
[2025-04-03 19:35:59] Ejecutando gcc para compilación...
[2025-04-03 19:35:59] Compilación exitosa. Ejecutando banco...
[2025-04-03 19:35:59] Ejecutando gcc para compilación...
[2025-04-03 19:35:59] Ejecutando gcc para compilación...
[2025-04-03 19:35:59] 🟥 Error al abrir el archivo de configuración
[2025-04-03 19:36:44] Ejecutando gcc para compilación...
[2025-04-03 19:36:44] Ejecutando gcc para compilación...
[2025-04-03 19:36:44] Compilación exitosa. Ejecutando banco...
[2025-04-03 19:36:44] Ejecutando gcc para compilación...
[2025-04-03 19:36:44] 🟥 Error al abrir el archivo de configuración
[2025-04-03 19:36:52] Compilación exitosa. Ejecutando banco...
[2025-04-03 19:36:52] Ejecutando gcc para compilación...
[2025-04-03 19:36:52] Ejecutando gcc para compilación...
[2025-04-03 19:36:52] Ejecutando gcc para compilación...
[2025-04-03 19:36:52] 🟥 Error al abrir el archivo de configuración
[2025-04-03 19:37:13] Compilación exitosa. Ejecutando banco...
[2025-04-03 19:37:13] Ejecutando gcc para compilación...
[2025-04-03 19:37:13] Ejecutando gcc para compilación...
[2025-04-03 19:37:13] Ejecutando gcc para compilación...
[2025-04-03 19:37:13] 🟥 Error al abrir el archivo de configuración
[2025-04-03 19:48:35] Ejecutando gcc para compilación...
[2025-04-03 19:48:35] Compilación exitosa. Ejecutando banco...
[2025-04-03 19:48:35] Ejecutando gcc para compilación...
[2025-04-03 19:48:35] Ejecutando gcc para compilación...
[2025-04-03 19:48:35] 🟥 Error al abrir el archivo de configuración
[2025-04-03 19:50:33] Ejecutando gcc para compilación...
[2025-04-03 19:50:33] Ejecutando gcc para compilación...
[2025-04-03 19:50:33] Ejecutando gcc para compilación...
[2025-04-03 19:50:33] Compilación exitosa. Ejecutando banco...
[2025-04-03 19:50:33] 🟥 Error al abrir el archivo de configuración
[2025-04-03 19:51:45] Ejecutando gcc para compilación...
[2025-04-03 19:51:45] Compilación exitosa. Ejecutando banco...
[2025-04-03 19:51:45] Ejecutando gcc para compilación...
[2025-04-03 19:51:45] Ejecutando gcc para compilación...
[2025-04-03 19:51:45] Se ha leído correctamente el contenido del archivo banco.config
[2025-04-03 19:54:42] Ejecutando gcc para compilación...
[2025-04-03 19:54:42] Compilación exitosa. Ejecutando banco...
[2025-04-03 19:54:42] Ejecutando gcc para compilación...
[2025-04-03 19:54:42] Ejecutando gcc para compilación...
[2025-04-03 19:54:42] Se ha leído correctamente el contenido del archivo banco.config
[2025-04-03 19:57:18] Ejecutando gcc para compilación...
[2025-04-03 19:57:18] Ejecutando gcc para compilación...
[2025-04-03 19:57:18] Compilación exitosa. Ejecutando banco...
[2025-04-03 19:57:18] Ejecutando gcc para compilación...
[2025-04-03 19:57:18] Se ha leído correctamente el contenido del archivo banco.config
[2025-04-03 19:59:24] Ejecutando gcc para compilación...
[2025-04-03 19:59:24] Compilación exitosa. Ejecutando banco...
[2025-04-03 19:59:24] Ejecutando gcc para compilación...
[2025-04-03 19:59:24] Ejecutando gcc para compilación...
[2025-04-03 19:59:24] Se ha leído correctamente el contenido del archivo banco.config
[2025-04-03 20:10:15] Ejecutando gcc para compilación...
[2025-04-03 20:10:15] Ejecutando gcc para compilación...
[2025-04-03 20:10:15] Ejecutando gcc para compilación...
[2025-04-03 20:10:15] Ejecutando gcc para compilación...
[2025-04-03 20:10:15] Ejecutando gcc para compilación...
[2025-04-03 20:10:15] Ejecutando gcc para compilación...
[2025-04-03 20:10:15] Compilación exitosa. Ejecutando banco...
[2025-04-03 20:10:15] Compilación exitosa. Ejecutando banco...
[2025-04-03 20:10:15] Se ha leído correctamente el contenido del archivo banco.config
[2025-04-03 20:10:15] Se ha leído correctamente el contenido del archivo banco.config
[2025-04-03 20:10:15] Se ha leído correctamente el contenido del archivo banco.config
[2025-04-03 20:10:15] Se ha leído correctamente el contenido del archivo banco.config[2025-04-03 20:28:50] Ejecutando gcc para compilación...
[2025-04-03 20:28:50] Ejecutando gcc para compilación...
[2025-04-03 20:28:50] Compilación exitosa. Ejecutando banco...
[2025-04-03 20:28:50] Ejecutando gcc para compilación...
[2025-04-03 20:28:50] Se ha leído correctamente el contenido del archivo banco.config
[2025-04-03 20:28:50] Se ha leído correctamente el contenido del archivo banco.config
[2025-04-03 20:28:56] Ejecutando gcc para compilación...
[2025-04-03 20:28:56] Ejecutando gcc para compilación...
[2025-04-03 20:28:56] Ejecutando gcc para compilación...
[2025-04-03 20:28:56] Compilación exitosa. Ejecutando banco...
[2025-04-03 20:28:56] Se ha leído correctamente el contenido del archivo banco.config
[2025-04-03 20:28:56] Se ha leído correctamente el contenido del archivo banco.config
[2025-04-03 20:29:39] Ejecutando gcc para compilación...
[2025-04-03 20:29:39] Compilación exitosa. Ejecutando banco...
[2025-04-03 20:29:39] Ejecutando gcc para compilación...
[2025-04-03 20:29:39] Ejecutando gcc para compilación...
[2025-04-03 20:29:39] Se ha leído correctamente el contenido del archivo banco.config
[2025-04-03 20:29:39] Se ha leído correctamente el contenido del archivo banco.config
[2025-04-03 20:30:36] Ejecutando gcc para compilación...
[2025-04-03 20:30:37] Ejecutando gcc para compilación...
[2025-04-03 20:30:37] Ejecutando gcc para compilación...
[2025-04-03 20:30:37] Compilación exitosa. Ejecutando banco...
[2025-04-03 20:30:37] Se ha leído correctamente el contenido del archivo banco.config
[2025-04-03 20:30:37] Se ha leído correctamente el contenido del archivo banco.config
[2025-04-03 20:32:00] Ejecutando gcc para compilación...
[2025-04-03 20:32:01] Ejecutando gcc para compilación...
[2025-04-03 20:32:01] Ejecutando gcc para compilación...
[2025-04-03 20:32:01] Compilación exitosa. Ejecutando banco...
[2025-04-03 20:32:01] Se ha leído correctamente el contenido del archivo banco.config
[2025-04-03 20:32:01] Se ha leído correctamente el contenido del archivo banco.config
[2025-04-03 20:33:26] Ejecutando gcc para compilación...
[2025-04-03 20:33:26] Compilación exitosa. Ejecutando banco...
[2025-04-03 20:33:26] Ejecutando gcc para compilación...
[2025-04-03 20:33:26] Ejecutando gcc para compilación...
[2025-04-03 20:35:17] Ejecutando gcc para compilación...
[2025-04-03 20:35:17] Compilación exitosa. Ejecutando banco...
[2025-04-03 20:35:17] Ejecutando gcc para compilación...
[2025-04-03 20:47:44] Ejecutando gcc para compilación...
[2025-04-03 20:47:44] Ejecutando gcc para compilación...
[2025-04-03 20:47:44] Ejecutando gcc para compilación...
[2025-04-03 20:47:44] Compilación exitosa. Ejecutando banco...
[2025-04-03 20:47:44] Se ha leído correctamente el contenido del archivo banco.config
[2025-04-03 20:49:11] Ejecutando gcc para compilación...
[2025-04-03 20:49:11] Ejecutando gcc para compilación...
[2025-04-03 20:49:11] Compilación exitosa. Ejecutando banco...
[2025-04-03 20:49:11] Ejecutando gcc para compilación...
[2025-04-03 20:49:11] Se ha leído correctamente el contenido del archivo banco.config
[2025-04-03 20:49:36] Ejecutando gcc para compilación...
[2025-04-03 20:49:36] Ejecutando gcc para compilación...
[2025-04-03 20:49:36] Ejecutando gcc para compilación...
[2025-04-03 20:49:36] Compilación exitosa. Ejecutando banco...
[2025-04-03 20:49:36] Se ha leído correctamente el contenido del archivo banco.config
[2025-04-03 20:50:26] Ejecutando gcc para compilación...
[2025-04-03 20:50:26] Compilación exitosa. Ejecutando banco...
[2025-04-03 20:50:26] Ejecutando gcc para compilación...
[2025-04-03 20:50:26] Ejecutando gcc para compilación...
[2025-04-03 20:50:26] Se ha leído correctamente el contenido del archivo banco.config
[2025-04-03 20:57:36] Compilación exitosa. Ejecutando banco...
[2025-04-03 20:57:36] Ejecutando gcc para compilación...
[2025-04-03 20:57:36] Ejecutando gcc para compilación...
[2025-04-03 20:57:36] Ejecutando gcc para compilación...
[2025-04-03 20:57:36] Se ha leído correctamente el contenido del archivo banco.config
[2025-04-03 20:57:37] Se ha leído correctamente el contenido del archivo banco.config
[2025-04-03 21:00:16] Ejecutando gcc para compilación...
[2025-04-03 21:00:16] Ejecutando gcc para compilación...
[2025-04-03 21:00:16] Ejecutando gcc para compilación...
[2025-04-03 21:00:16] Compilación exitosa. Ejecutando banco...
[2025-04-03 21:00:16] Se ha leído correctamente el contenido del archivo banco.config
[2025-04-03 21:00:18] Se ha leído correctamente el contenido del archivo banco.config
[2025-04-03 21:21:35] La FIFO ya existe
[2025-04-03 21:21:40] 🚨 ALERTA RECIBIDA[2025-04-03 21:21:40] La FIFO ya existe
[2025-04-03 21:21:40] La FIFO ya existe
[2025-04-03 21:21:45] 🚨 ALERTA RECIBIDA[2025-04-03 21:21:45] La FIFO ya existe
