[2025-04-05 20:50:39] Saldo consultado exitosamente
[2025-04-05 20:50:44] Error: Saldo introducido para transacción 
[2025-04-05 20:50:47] Error: Saldo introducido para transacción 
[2025-04-05 20:50:49] Operacion retiro done
[2025-04-05 20:50:49] Cuentas actualizadas correctamente
[2025-04-05 20:50:49] ✅ Cantidad retiro introducido correctamente.
[2025-04-05 20:51:04] Saldo consultado exitosamente
[2025-04-05 20:51:07] Operacion retiro done
[2025-04-05 20:51:07] Cuentas actualizadas correctamente
[2025-04-05 20:51:07] Operacion ingreso done
[2025-04-05 20:51:07] Cuentas actualizadas correctamente
[2025-04-05 20:51:10] Saldo consultado exitosamente
[2025-04-05 20:51:11] Saldo consultado exitosamente
[2025-04-05 20:51:13] Operacion retiro done
[2025-04-05 20:51:13] Cuentas actualizadas correctamente
[2025-04-05 20:51:13] ✅ Cantidad retiro introducido correctamente.
[2025-04-05 20:51:14] Saldo consultado exitosamente
[2025-04-05 20:51:16] ✅ Cantidad retiro introducido correctamente.
[2025-04-05 20:51:19] ✅ Cantidad retiro introducido correctamente.
[2025-04-05 20:51:19] Operacion ingreso done
[2025-04-05 20:51:19] Cuentas actualizadas correctamente
[2025-04-05 20:51:24] Operacion retiro done
[2025-04-05 20:51:24] Cuentas actualizadas correctamente
[2025-04-05 20:51:24] Operacion ingreso done
[2025-04-05 20:51:24] Cuentas actualizadas correctamente
[2025-04-05 21:11:17] Saldo consultado exitosamente
[2025-04-05 21:11:24] Saldo consultado exitosamente
[2025-04-05 21:11:26] Operacion retiro done
[2025-04-05 21:11:26] Cuentas actualizadas correctamente
[2025-04-05 21:11:26] Operacion ingreso done
[2025-04-05 21:11:26] Cuentas actualizadas correctamente
[2025-04-05 21:11:30] Error: Saldo introducido para transacción 
[2025-04-05 21:11:31] Operacion retiro done
[2025-04-05 21:11:31] Cuentas actualizadas correctamente
[2025-04-05 21:11:31] ✅ Cantidad retiro introducido correctamente.
[2025-04-05 21:11:37] Saldo consultado exitosamente
[2025-04-05 21:11:38] Operacion retiro done
[2025-04-05 21:11:38] Cuentas actualizadas correctamente
[2025-04-05 21:11:38] Operacion ingreso done
[2025-04-05 21:11:38] Cuentas actualizadas correctamente
[2025-04-05 21:58:08] Saldo consultado exitosamente
[2025-04-05 21:58:09] Saldo consultado exitosamente
[2025-04-05 21:58:12] Operacion retiro done
[2025-04-05 21:58:12] Cuentas actualizadas correctamente
[2025-04-05 21:58:12] Operacion ingreso done
[2025-04-05 21:58:12] Cuentas actualizadas correctamente
[2025-04-05 21:58:16] Saldo consultado exitosamente
[2025-04-05 21:58:24] Saldo consultado exitosamente
[2025-04-05 21:58:28] Saldo consultado exitosamente
[2025-04-05 21:58:29] Operacion retiro done
[2025-04-05 21:58:29] Cuentas actualizadas correctamente
[2025-04-05 21:58:29] Operacion ingreso done
[2025-04-05 21:58:29] Cuentas actualizadas correctamente
[2025-04-05 22:08:09] Saldo consultado exitosamente
[2025-04-05 22:08:15] Saldo consultado exitosamente
[2025-04-05 22:08:23] Saldo consultado exitosamente
[2025-04-05 22:08:24] Operacion retiro done
[2025-04-05 22:08:24] Cuentas actualizadas correctamente
[2025-04-05 22:08:24] Operacion ingreso done
[2025-04-05 22:08:24] Cuentas actualizadas correctamente
[2025-04-05 22:11:38] Saldo consultado exitosamente
[2025-04-05 22:11:48] Operacion retiro done
[2025-04-05 22:11:48] Cuentas actualizadas correctamente
[2025-04-05 22:11:48] Operacion ingreso done
[2025-04-05 22:11:48] Cuentas actualizadas correctamente
[2025-04-05 22:14:51] Saldo consultado exitosamente
[2025-04-05 22:14:54] ERROR_NOTIFICADO
[2025-04-05 22:14:57] Saldo consultado exitosamente
[2025-04-05 22:14:59] Operacion retiro done
[2025-04-05 22:14:59] Cuentas actualizadas correctamente
[2025-04-05 22:14:59] Operacion ingreso done
[2025-04-05 22:14:59] Cuentas actualizadas correctamente
[2025-04-05 22:18:34] Saldo consultado exitosamente
[2025-04-05 22:18:37] ERROR_NOTIFICADO
[2025-04-05 22:18:40] Saldo consultado exitosamente
[2025-04-05 22:18:42] ERROR_NOTIFICADO
[2025-04-05 22:18:44] Saldo consultado exitosamente
[2025-04-05 22:18:45] Operacion retiro done
[2025-04-05 22:18:45] Cuentas actualizadas correctamente
[2025-04-05 22:18:45] Operacion ingreso done
[2025-04-05 22:18:45] Cuentas actualizadas correctamente
[2025-04-05 22:18:45] OK[2025-04-05 22:25:24] Saldo consultado exitosamente
[2025-04-05 22:25:26] Saldo consultado exitosamente
[2025-04-05 22:25:29] ERROR_NOTIFICADO,Transferencia,🟥 Error en la transferencia,1001,999999995904.00
[2025-04-05 22:25:30] Saldo consultado exitosamente
[2025-04-05 22:25:30] Operacion retiro done
[2025-04-05 22:25:30] Cuentas actualizadas correctamente
[2025-04-05 22:25:30] Operacion ingreso done
[2025-04-05 22:25:30] Cuentas actualizadas correctamente
[2025-04-05 22:25:30] OK_REVISADO,Transferencia,✅ Transferencia realizada correctamente,1001,10.00
[2025-04-05 22:25:32] Saldo consultado exitosamente
[2025-04-05 22:25:34] ✅ Cantidad retiro introducido correctamente.
[2025-04-05 22:25:34] ERROR_NOTIFICADO,Ingreso,🟥 Error en el ingreso,1001,100000002004087734272.00
[2025-04-05 22:25:35] ✅ Cantidad retiro introducido correctamente.
[2025-04-05 22:25:35] Operacion ingreso done
[2025-04-05 22:25:35] Cuentas actualizadas correctamente
[2025-04-05 22:25:35] OK_REVISADO,Ingreso,✅ Ingreso realizado correctamente,1001,100.00
[2025-04-05 22:28:08] Saldo consultado exitosamente
[2025-04-05 22:28:10] ✅ Cantidad retiro introducido correctamente.
[2025-04-05 22:28:10] ERROR_NOTIFICADO,Ingreso,🟥 Error en el ingreso,1001,99999998430674944.00
[2025-04-05 22:28:12] ✅ Cantidad retiro introducido correctamente.
[2025-04-05 22:28:12] ERROR_NOTIFICADO,Ingreso,🟥 Error en el ingreso,1001,10000.00
[2025-04-05 22:28:14] ✅ Cantidad retiro introducido correctamente.
[2025-04-05 22:28:14] Operacion ingreso done
[2025-04-05 22:28:14] Cuentas actualizadas correctamente
[2025-04-05 22:28:14] OK_REVISADO,Ingreso,✅ Ingreso realizado correctamente,1001,100.00
