Log inicializado para el usuario 1001
[2025-04-19 13:17:26] OK,Ingreso,✅ Ingreso realizado correctamente,1001,100.00
[2025-04-23 20:35:52] OK,Ingreso,✅ Ingreso realizado correctamente,1001,100.00
[2025-04-23 20:36:33] OK,Retiro,✅ Retiro realizado correctamente,1001,100.00
[2025-04-24 21:11:12] OK,Ingreso,✅ Ingreso realizado correctamente,1001,100.00
[2025-04-24 21:11:37] OK,Transferencia,✅ Transferencia realizada correctamente,1001,100.00
[2025-04-24 21:16:13] OK,Transferencia,✅ Transferencia realizada correctamente,1001,100.00
[2025-04-24 21:16:20] OK,Ingreso,✅ Ingreso realizado correctamente,1001,1000.00
[2025-04-24 21:16:32] OK,Transferencia,✅ Transferencia realizada correctamente,1001,100.00
[2025-04-24 21:16:43] OK,Transferencia,✅ Transferencia realizada correctamente,1001,100.00
[2025-04-24 21:17:04] OK,Transferencia,✅ Transferencia realizada correctamente,1001,50.00
[2025-04-24 21:17:11] OK,Retiro,✅ Retiro realizado correctamente,1001,100.00
[2025-04-24 21:17:18] OK,Ingreso,✅ Ingreso realizado correctamente,1001,1000.00
[2025-04-24 21:17:29] OK,Transferencia,✅ Transferencia realizada correctamente,1001,50.00
[2025-04-24 21:23:18] OK,Transferencia,✅ Transferencia realizada correctamente,1001,100.00
[2025-04-24 21:23:27] OK,Retiro,✅ Retiro realizado correctamente,1001,100.00
[2025-04-24 21:23:34] OK,Ingreso,✅ Ingreso realizado correctamente,1001,100.00
[2025-04-24 21:23:50] ERROR,Transferencia,🟥 Error en la transferencia,1001,1004.00
[2025-04-24 21:24:03] OK,Transferencia,✅ Transferencia realizada correctamente,1001,300.00
[2025-04-24 21:24:09] OK,Ingreso,✅ Ingreso realizado correctamente,1001,100.00
[2025-04-24 21:24:22] OK,Transferencia,✅ Transferencia realizada correctamente,1001,200.00
[2025-04-24 21:24:43] OK,Transferencia,✅ Transferencia realizada correctamente,1001,50.00
[2025-04-24 21:24:56] OK,Ingreso,✅ Ingreso realizado correctamente,1001,1000.00
[2025-04-24 21:25:20] OK,Transferencia,✅ Transferencia realizada correctamente,1001,100.00
[2025-04-24 21:25:53] OK,Transferencia,✅ Transferencia realizada correctamente,1001,100.00
[2025-04-24 21:25:58] OK,Ingreso,✅ Ingreso realizado correctamente,1001,100.00
[2025-04-24 21:26:14] OK,Ingreso,✅ Ingreso realizado correctamente,1001,1000.00
[2025-04-24 22:41:45] OK,Ingreso,✅ Ingreso realizado correctamente,1001,100.00
[2025-04-24 22:41:52] OK,Retiro,✅ Retiro realizado correctamente,1001,200.00
[2025-04-24 22:42:06] OK,Transferencia,✅ Transferencia realizada correctamente,1001,200.00
[2025-04-24 22:42:16] OK,Ingreso,✅ Ingreso realizado correctamente,1001,300.00
[2025-04-24 22:44:38] OK,Ingreso,✅ Ingreso realizado correctamente,1001,100.00
[2025-04-24 22:44:53] OK,Transferencia,✅ Transferencia realizada correctamente,1001,200.00
[2025-04-24 22:50:56] OK,Ingreso,✅ Ingreso realizado correctamente,1001,100.00
[2025-04-24 22:51:39] OK,Transferencia,✅ Transferencia realizada correctamente,1001,100.00
[2025-04-24 22:57:23] OK,Ingreso,✅ Ingreso realizado correctamente,1001,100.00
